2024-08-09 15:10:09.884|com.alibaba.nacos.client.remote.worker|ERROR|c.a.n.c.r.c.grpc.GrpcClient.?:?|IGNORE|||||||||||||||||||||||||||||Server check fail, please check server 192.168.71.1 ,port 9848 is available , error ={}
j.u.c.ExecutionException: com.alibaba.nacos.shaded.io.grpc.StatusRuntimeException: UNAVAILABLE: io exception
	at c.a.n.s.c.g.c.u.c.AbstractFuture.getDoneValue(AbstractFuture.java:566)
	at c.a.n.s.c.g.c.u.c.AbstractFuture.get(AbstractFuture.java:445)
	at c.a.n.c.r.c.grpc.GrpcClient.serverCheck(GrpcClient.java:148)
	at c.a.n.c.r.c.grpc.GrpcClient.connectToServer(GrpcClient.java:264)
	at c.a.n.c.r.client.RpcClient.reconnect(RpcClient.java:522)
	at c.a.n.c.r.client.RpcClient.lambda$start$2(RpcClient.java:370)
	at j.u.c.Executors$RunnableAdapter.call(Executors.java:511)
	at j.util.concurrent.FutureTask.run(FutureTask.java:266)
	at j.u.c.ScheduledThreadPoolExecutor$ScheduledFutureTask.access$201(ScheduledThreadPoolExecutor.java:180)
	at j.u.c.ScheduledThreadPoolExecutor$ScheduledFutureTask.run(ScheduledThreadPoolExecutor.java:293)
	... 3 frames truncated
Caused by: c.a.n.s.i.g.StatusRuntimeException: UNAVAILABLE: io exception
	at c.a.n.shaded.io.grpc.Status.asRuntimeException(Status.java:533)
	at c.a.n.s.i.g.s.ClientCalls$UnaryStreamToFuture.onClose(ClientCalls.java:490)
	at c.a.n.s.i.g.PartialForwardingClientCallListener.onClose(PartialForwardingClientCallListener.java:39)
	at c.a.n.s.i.g.ForwardingClientCallListener.onClose(ForwardingClientCallListener.java:23)
	at c.a.n.s.i.g.ForwardingClientCallListener$SimpleForwardingClientCallListener.onClose(ForwardingClientCallListener.java:40)
	at c.a.n.s.i.g.i.CensusStatsModule$StatsClientInterceptor$1$1.onClose(CensusStatsModule.java:700)
	at c.a.n.s.i.g.PartialForwardingClientCallListener.onClose(PartialForwardingClientCallListener.java:39)
	at c.a.n.s.i.g.ForwardingClientCallListener.onClose(ForwardingClientCallListener.java:23)
	at c.a.n.s.i.g.ForwardingClientCallListener$SimpleForwardingClientCallListener.onClose(ForwardingClientCallListener.java:40)
	at c.a.n.s.i.g.i.CensusTracingModule$TracingClientInterceptor$1$1.onClose(CensusTracingModule.java:399)
	... 8 frames truncated
	... 3 common frames omitted
Caused by: c.a.n.s.i.g.n.s.i.n.c.AbstractChannel$AnnotatedConnectException: Connection refused: no further information: /192.168.71.1:9848
Caused by: java.net.ConnectException: Connection refused: no further information
	at sun.nio.ch.SocketChannelImpl.checkConnect(SocketChannelImpl.java)
	at sun.nio.ch.SocketChannelImpl.finishConnect(SocketChannelImpl.java:715)
	at c.a.n.s.i.g.n.s.i.n.c.s.n.NioSocketChannel.doFinishConnect(NioSocketChannel.java:327)
	at c.a.n.s.i.g.n.s.i.n.c.n.AbstractNioChannel$AbstractNioUnsafe.finishConnect(AbstractNioChannel.java:336)
	at c.a.n.s.i.g.n.s.i.n.c.n.NioEventLoop.processSelectedKey(NioEventLoop.java:685)
	at c.a.n.s.i.g.n.s.i.n.c.n.NioEventLoop.processSelectedKeysOptimized(NioEventLoop.java:632)
	at c.a.n.s.i.g.n.s.i.n.c.n.NioEventLoop.processSelectedKeys(NioEventLoop.java:549)
	at c.a.n.s.i.g.n.s.i.n.c.n.NioEventLoop.run(NioEventLoop.java:511)
	at c.a.n.s.i.g.n.s.i.n.u.c.SingleThreadEventExecutor$5.run(SingleThreadEventExecutor.java:918)
	at c.a.n.s.i.g.n.s.i.n.u.i.ThreadExecutorMap$2.run(ThreadExecutorMap.java:74)
	... 2 frames truncated
2024-08-09 15:10:12.015|com.alibaba.nacos.client.remote.worker|ERROR|c.a.n.c.r.c.grpc.GrpcClient.printIfErrorEnabled:99|IGNORE|||||||||||||||||||||||||||||Server check fail, please check server 192.168.71.1 ,port 9848 is available , error ={}
j.u.c.ExecutionException: com.alibaba.nacos.shaded.io.grpc.StatusRuntimeException: UNAVAILABLE: io exception
	at c.a.n.s.c.g.c.u.c.AbstractFuture.getDoneValue(AbstractFuture.java:566)
	at c.a.n.s.c.g.c.u.c.AbstractFuture.get(AbstractFuture.java:445)
	at c.a.n.c.r.c.grpc.GrpcClient.serverCheck(GrpcClient.java:148)
	at c.a.n.c.r.c.grpc.GrpcClient.connectToServer(GrpcClient.java:264)
	at c.a.n.c.r.client.RpcClient.reconnect(RpcClient.java:522)
	at c.a.n.c.r.client.RpcClient.lambda$start$2(RpcClient.java:370)
	at j.u.c.Executors$RunnableAdapter.call(Executors.java:511)
	at j.util.concurrent.FutureTask.run(FutureTask.java:266)
	at j.u.c.ScheduledThreadPoolExecutor$ScheduledFutureTask.access$201(ScheduledThreadPoolExecutor.java:180)
	at j.u.c.ScheduledThreadPoolExecutor$ScheduledFutureTask.run(ScheduledThreadPoolExecutor.java:293)
	... 3 frames truncated
Caused by: c.a.n.s.i.g.StatusRuntimeException: UNAVAILABLE: io exception
	at c.a.n.shaded.io.grpc.Status.asRuntimeException(Status.java:533)
	at c.a.n.s.i.g.s.ClientCalls$UnaryStreamToFuture.onClose(ClientCalls.java:490)
	at c.a.n.s.i.g.PartialForwardingClientCallListener.onClose(PartialForwardingClientCallListener.java:39)
	at c.a.n.s.i.g.ForwardingClientCallListener.onClose(ForwardingClientCallListener.java:23)
	at c.a.n.s.i.g.ForwardingClientCallListener$SimpleForwardingClientCallListener.onClose(ForwardingClientCallListener.java:40)
	at c.a.n.s.i.g.i.CensusStatsModule$StatsClientInterceptor$1$1.onClose(CensusStatsModule.java:700)
	at c.a.n.s.i.g.PartialForwardingClientCallListener.onClose(PartialForwardingClientCallListener.java:39)
	at c.a.n.s.i.g.ForwardingClientCallListener.onClose(ForwardingClientCallListener.java:23)
	at c.a.n.s.i.g.ForwardingClientCallListener$SimpleForwardingClientCallListener.onClose(ForwardingClientCallListener.java:40)
	at c.a.n.s.i.g.i.CensusTracingModule$TracingClientInterceptor$1$1.onClose(CensusTracingModule.java:399)
	... 8 frames truncated
	... 3 common frames omitted
Caused by: c.a.n.s.i.g.n.s.i.n.c.AbstractChannel$AnnotatedConnectException: Connection refused: no further information: /192.168.71.1:9848
Caused by: java.net.ConnectException: Connection refused: no further information
	at sun.nio.ch.SocketChannelImpl.checkConnect(SocketChannelImpl.java)
	at sun.nio.ch.SocketChannelImpl.finishConnect(SocketChannelImpl.java:715)
	at c.a.n.s.i.g.n.s.i.n.c.s.n.NioSocketChannel.doFinishConnect(NioSocketChannel.java:327)
	at c.a.n.s.i.g.n.s.i.n.c.n.AbstractNioChannel$AbstractNioUnsafe.finishConnect(AbstractNioChannel.java:336)
	at c.a.n.s.i.g.n.s.i.n.c.n.NioEventLoop.processSelectedKey(NioEventLoop.java:685)
	at c.a.n.s.i.g.n.s.i.n.c.n.NioEventLoop.processSelectedKeysOptimized(NioEventLoop.java:632)
	at c.a.n.s.i.g.n.s.i.n.c.n.NioEventLoop.processSelectedKeys(NioEventLoop.java:549)
	at c.a.n.s.i.g.n.s.i.n.c.n.NioEventLoop.run(NioEventLoop.java:511)
	at c.a.n.s.i.g.n.s.i.n.u.c.SingleThreadEventExecutor$5.run(SingleThreadEventExecutor.java:918)
	at c.a.n.s.i.g.n.s.i.n.u.i.ThreadExecutorMap$2.run(ThreadExecutorMap.java:74)
	... 2 frames truncated
2024-08-09 15:10:13.543|main|ERROR|o.s.boot.SpringApplication.?:?|IGNORE|||||||||||||||||||||||||||||Application run failed
o.s.b.f.BeanCreationException: Error creating bean with name 'benefitValidate' defined in file [C:\Users\25538\source\java\share-liteflow\share-liteflow-application\target\classes\com\zyhl\yun\liteflow\application\cmp\BenefitValidateNode.class]: Instantiation of bean failed; nested exception is org.springframework.beans.BeanInstantiationException: Failed to instantiate [com.zyhl.yun.liteflow.application.cmp.BenefitValidateNode]: Constructor threw exception; nested exception is java.lang.NullPointerException
	at o.s.b.f.s.AbstractAutowireCapableBeanFactory.instantiateBean(AbstractAutowireCapableBeanFactory.java:1334)
	at o.s.b.f.s.AbstractAutowireCapableBeanFactory.createBeanInstance(AbstractAutowireCapableBeanFactory.java:1232)
	at o.s.b.f.s.AbstractAutowireCapableBeanFactory.doCreateBean(AbstractAutowireCapableBeanFactory.java:582)
	at o.s.b.f.s.AbstractAutowireCapableBeanFactory.createBean(AbstractAutowireCapableBeanFactory.java:542)
	at o.s.b.f.s.AbstractBeanFactory.lambda$doGetBean$0(AbstractBeanFactory.java:335)
	at o.s.b.f.s.DefaultSingletonBeanRegistry.getSingleton(DefaultSingletonBeanRegistry.java:234)
	at o.s.b.f.s.AbstractBeanFactory.doGetBean(AbstractBeanFactory.java:333)
	at o.s.b.f.s.AbstractBeanFactory.getBean(AbstractBeanFactory.java:208)
	at o.s.b.f.s.DefaultListableBeanFactory.preInstantiateSingletons(DefaultListableBeanFactory.java:955)
	at o.s.c.s.AbstractApplicationContext.finishBeanFactoryInitialization(AbstractApplicationContext.java:920)
	... 6 frames truncated
Caused by: o.s.b.BeanInstantiationException: Failed to instantiate [com.zyhl.yun.liteflow.application.cmp.BenefitValidateNode]: Constructor threw exception; nested exception is java.lang.NullPointerException
	at o.s.beans.BeanUtils.instantiateClass(BeanUtils.java:224)
	at o.s.b.f.s.SimpleInstantiationStrategy.instantiate(SimpleInstantiationStrategy.java:87)
	at o.s.b.f.s.AbstractAutowireCapableBeanFactory.instantiateBean(AbstractAutowireCapableBeanFactory.java:1326)
	... 15 common frames omitted
Caused by: java.lang.NullPointerException: null
	at c.y.l.core.NodeComponent.getSlotIndex(NodeComponent.java:246)
	at c.y.l.core.NodeComponent.getSlot(NodeComponent.java:250)
	at c.y.l.core.NodeComponent.getContextBean(NodeComponent.java:258)
	at c.z.y.l.a.c.BenefitValidateNode.<init>(BenefitValidateNode.java:14)
	at s.r.NativeConstructorAccessorImpl.newInstance0(NativeConstructorAccessorImpl.java)
	at s.r.NativeConstructorAccessorImpl.newInstance(NativeConstructorAccessorImpl.java:62)
	at s.r.DelegatingConstructorAccessorImpl.newInstance(DelegatingConstructorAccessorImpl.java:45)
	at java.lang.reflect.Constructor.newInstance(Constructor.java:423)
	at o.s.beans.BeanUtils.instantiateClass(BeanUtils.java:211)
	... 17 common frames omitted
2024-08-09 15:10:14.249|com.alibaba.nacos.client.remote.worker|ERROR|c.a.n.c.r.c.grpc.GrpcClient.printIfErrorEnabled:99|IGNORE|||||||||||||||||||||||||||||Server check fail, please check server 192.168.71.1 ,port 9848 is available , error ={}
j.u.c.ExecutionException: com.alibaba.nacos.shaded.io.grpc.StatusRuntimeException: UNAVAILABLE: io exception
	at c.a.n.s.c.g.c.u.c.AbstractFuture.getDoneValue(AbstractFuture.java:566)
	at c.a.n.s.c.g.c.u.c.AbstractFuture.get(AbstractFuture.java:445)
	at c.a.n.c.r.c.grpc.GrpcClient.serverCheck(GrpcClient.java:148)
	at c.a.n.c.r.c.grpc.GrpcClient.connectToServer(GrpcClient.java:264)
	at c.a.n.c.r.client.RpcClient.reconnect(RpcClient.java:522)
	at c.a.n.c.r.client.RpcClient.lambda$start$2(RpcClient.java:370)
	at j.u.c.Executors$RunnableAdapter.call(Executors.java:511)
	at j.util.concurrent.FutureTask.run(FutureTask.java:266)
	at j.u.c.ScheduledThreadPoolExecutor$ScheduledFutureTask.access$201(ScheduledThreadPoolExecutor.java:180)
	at j.u.c.ScheduledThreadPoolExecutor$ScheduledFutureTask.run(ScheduledThreadPoolExecutor.java:293)
	... 3 frames truncated
Caused by: c.a.n.s.i.g.StatusRuntimeException: UNAVAILABLE: io exception
	at c.a.n.shaded.io.grpc.Status.asRuntimeException(Status.java:533)
	at c.a.n.s.i.g.s.ClientCalls$UnaryStreamToFuture.onClose(ClientCalls.java:490)
	at c.a.n.s.i.g.PartialForwardingClientCallListener.onClose(PartialForwardingClientCallListener.java:39)
	at c.a.n.s.i.g.ForwardingClientCallListener.onClose(ForwardingClientCallListener.java:23)
	at c.a.n.s.i.g.ForwardingClientCallListener$SimpleForwardingClientCallListener.onClose(ForwardingClientCallListener.java:40)
	at c.a.n.s.i.g.i.CensusStatsModule$StatsClientInterceptor$1$1.onClose(CensusStatsModule.java:700)
	at c.a.n.s.i.g.PartialForwardingClientCallListener.onClose(PartialForwardingClientCallListener.java:39)
	at c.a.n.s.i.g.ForwardingClientCallListener.onClose(ForwardingClientCallListener.java:23)
	at c.a.n.s.i.g.ForwardingClientCallListener$SimpleForwardingClientCallListener.onClose(ForwardingClientCallListener.java:40)
	at c.a.n.s.i.g.i.CensusTracingModule$TracingClientInterceptor$1$1.onClose(CensusTracingModule.java:399)
	... 8 frames truncated
	... 3 common frames omitted
Caused by: c.a.n.s.i.g.n.s.i.n.c.AbstractChannel$AnnotatedConnectException: Connection refused: no further information: /192.168.71.1:9848
Caused by: java.net.ConnectException: Connection refused: no further information
	at sun.nio.ch.SocketChannelImpl.checkConnect(SocketChannelImpl.java)
	at sun.nio.ch.SocketChannelImpl.finishConnect(SocketChannelImpl.java:715)
	at c.a.n.s.i.g.n.s.i.n.c.s.n.NioSocketChannel.doFinishConnect(NioSocketChannel.java:327)
	at c.a.n.s.i.g.n.s.i.n.c.n.AbstractNioChannel$AbstractNioUnsafe.finishConnect(AbstractNioChannel.java:336)
	at c.a.n.s.i.g.n.s.i.n.c.n.NioEventLoop.processSelectedKey(NioEventLoop.java:685)
	at c.a.n.s.i.g.n.s.i.n.c.n.NioEventLoop.processSelectedKeysOptimized(NioEventLoop.java:632)
	at c.a.n.s.i.g.n.s.i.n.c.n.NioEventLoop.processSelectedKeys(NioEventLoop.java:549)
	at c.a.n.s.i.g.n.s.i.n.c.n.NioEventLoop.run(NioEventLoop.java:511)
	at c.a.n.s.i.g.n.s.i.n.u.c.SingleThreadEventExecutor$5.run(SingleThreadEventExecutor.java:918)
	at c.a.n.s.i.g.n.s.i.n.u.i.ThreadExecutorMap$2.run(ThreadExecutorMap.java:74)
	... 2 frames truncated
2024-08-09 15:10:16.619|com.alibaba.nacos.client.remote.worker|ERROR|c.a.n.c.r.c.grpc.GrpcClient.printIfErrorEnabled:99|IGNORE|||||||||||||||||||||||||||||Server check fail, please check server 192.168.71.1 ,port 9848 is available , error ={}
j.u.c.ExecutionException: com.alibaba.nacos.shaded.io.grpc.StatusRuntimeException: UNAVAILABLE: io exception
	at c.a.n.s.c.g.c.u.c.AbstractFuture.getDoneValue(AbstractFuture.java:566)
	at c.a.n.s.c.g.c.u.c.AbstractFuture.get(AbstractFuture.java:445)
	at c.a.n.c.r.c.grpc.GrpcClient.serverCheck(GrpcClient.java:148)
	at c.a.n.c.r.c.grpc.GrpcClient.connectToServer(GrpcClient.java:264)
	at c.a.n.c.r.client.RpcClient.reconnect(RpcClient.java:522)
	at c.a.n.c.r.client.RpcClient.lambda$start$2(RpcClient.java:370)
	at j.u.c.Executors$RunnableAdapter.call(Executors.java:511)
	at j.util.concurrent.FutureTask.run(FutureTask.java:266)
	at j.u.c.ScheduledThreadPoolExecutor$ScheduledFutureTask.access$201(ScheduledThreadPoolExecutor.java:180)
	at j.u.c.ScheduledThreadPoolExecutor$ScheduledFutureTask.run(ScheduledThreadPoolExecutor.java:293)
	... 3 frames truncated
Caused by: c.a.n.s.i.g.StatusRuntimeException: UNAVAILABLE: io exception
	at c.a.n.shaded.io.grpc.Status.asRuntimeException(Status.java:533)
	at c.a.n.s.i.g.s.ClientCalls$UnaryStreamToFuture.onClose(ClientCalls.java:490)
	at c.a.n.s.i.g.PartialForwardingClientCallListener.onClose(PartialForwardingClientCallListener.java:39)
	at c.a.n.s.i.g.ForwardingClientCallListener.onClose(ForwardingClientCallListener.java:23)
	at c.a.n.s.i.g.ForwardingClientCallListener$SimpleForwardingClientCallListener.onClose(ForwardingClientCallListener.java:40)
	at c.a.n.s.i.g.i.CensusStatsModule$StatsClientInterceptor$1$1.onClose(CensusStatsModule.java:700)
	at c.a.n.s.i.g.PartialForwardingClientCallListener.onClose(PartialForwardingClientCallListener.java:39)
	at c.a.n.s.i.g.ForwardingClientCallListener.onClose(ForwardingClientCallListener.java:23)
	at c.a.n.s.i.g.ForwardingClientCallListener$SimpleForwardingClientCallListener.onClose(ForwardingClientCallListener.java:40)
	at c.a.n.s.i.g.i.CensusTracingModule$TracingClientInterceptor$1$1.onClose(CensusTracingModule.java:399)
	... 8 frames truncated
	... 3 common frames omitted
Caused by: c.a.n.s.i.g.n.s.i.n.c.AbstractChannel$AnnotatedConnectException: Connection refused: no further information: /192.168.71.1:9848
Caused by: java.net.ConnectException: Connection refused: no further information
	at sun.nio.ch.SocketChannelImpl.checkConnect(SocketChannelImpl.java)
	at sun.nio.ch.SocketChannelImpl.finishConnect(SocketChannelImpl.java:715)
	at c.a.n.s.i.g.n.s.i.n.c.s.n.NioSocketChannel.doFinishConnect(NioSocketChannel.java:327)
	at c.a.n.s.i.g.n.s.i.n.c.n.AbstractNioChannel$AbstractNioUnsafe.finishConnect(AbstractNioChannel.java:336)
	at c.a.n.s.i.g.n.s.i.n.c.n.NioEventLoop.processSelectedKey(NioEventLoop.java:685)
	at c.a.n.s.i.g.n.s.i.n.c.n.NioEventLoop.processSelectedKeysOptimized(NioEventLoop.java:632)
	at c.a.n.s.i.g.n.s.i.n.c.n.NioEventLoop.processSelectedKeys(NioEventLoop.java:549)
	at c.a.n.s.i.g.n.s.i.n.c.n.NioEventLoop.run(NioEventLoop.java:511)
	at c.a.n.s.i.g.n.s.i.n.u.c.SingleThreadEventExecutor$5.run(SingleThreadEventExecutor.java:918)
	at c.a.n.s.i.g.n.s.i.n.u.i.ThreadExecutorMap$2.run(ThreadExecutorMap.java:74)
	... 2 frames truncated
2024-08-09 15:10:19.039|com.alibaba.nacos.client.remote.worker|ERROR|c.a.n.c.r.c.grpc.GrpcClient.printIfErrorEnabled:99|IGNORE|||||||||||||||||||||||||||||Server check fail, please check server 192.168.71.1 ,port 9848 is available , error ={}
j.u.c.ExecutionException: com.alibaba.nacos.shaded.io.grpc.StatusRuntimeException: UNAVAILABLE: io exception
	at c.a.n.s.c.g.c.u.c.AbstractFuture.getDoneValue(AbstractFuture.java:566)
	at c.a.n.s.c.g.c.u.c.AbstractFuture.get(AbstractFuture.java:445)
	at c.a.n.c.r.c.grpc.GrpcClient.serverCheck(GrpcClient.java:148)
	at c.a.n.c.r.c.grpc.GrpcClient.connectToServer(GrpcClient.java:264)
	at c.a.n.c.r.client.RpcClient.reconnect(RpcClient.java:522)
	at c.a.n.c.r.client.RpcClient.lambda$start$2(RpcClient.java:370)
	at j.u.c.Executors$RunnableAdapter.call(Executors.java:511)
	at j.util.concurrent.FutureTask.run(FutureTask.java:266)
	at j.u.c.ScheduledThreadPoolExecutor$ScheduledFutureTask.access$201(ScheduledThreadPoolExecutor.java:180)
	at j.u.c.ScheduledThreadPoolExecutor$ScheduledFutureTask.run(ScheduledThreadPoolExecutor.java:293)
	... 3 frames truncated
Caused by: c.a.n.s.i.g.StatusRuntimeException: UNAVAILABLE: io exception
	at c.a.n.shaded.io.grpc.Status.asRuntimeException(Status.java:533)
	at c.a.n.s.i.g.s.ClientCalls$UnaryStreamToFuture.onClose(ClientCalls.java:490)
	at c.a.n.s.i.g.PartialForwardingClientCallListener.onClose(PartialForwardingClientCallListener.java:39)
	at c.a.n.s.i.g.ForwardingClientCallListener.onClose(ForwardingClientCallListener.java:23)
	at c.a.n.s.i.g.ForwardingClientCallListener$SimpleForwardingClientCallListener.onClose(ForwardingClientCallListener.java:40)
	at c.a.n.s.i.g.i.CensusStatsModule$StatsClientInterceptor$1$1.onClose(CensusStatsModule.java:700)
	at c.a.n.s.i.g.PartialForwardingClientCallListener.onClose(PartialForwardingClientCallListener.java:39)
	at c.a.n.s.i.g.ForwardingClientCallListener.onClose(ForwardingClientCallListener.java:23)
	at c.a.n.s.i.g.ForwardingClientCallListener$SimpleForwardingClientCallListener.onClose(ForwardingClientCallListener.java:40)
	at c.a.n.s.i.g.i.CensusTracingModule$TracingClientInterceptor$1$1.onClose(CensusTracingModule.java:399)
	... 8 frames truncated
	... 3 common frames omitted
Caused by: c.a.n.s.i.g.n.s.i.n.c.AbstractChannel$AnnotatedConnectException: Connection refused: no further information: /192.168.71.1:9848
Caused by: java.net.ConnectException: Connection refused: no further information
	at sun.nio.ch.SocketChannelImpl.checkConnect(SocketChannelImpl.java)
	at sun.nio.ch.SocketChannelImpl.finishConnect(SocketChannelImpl.java:715)
	at c.a.n.s.i.g.n.s.i.n.c.s.n.NioSocketChannel.doFinishConnect(NioSocketChannel.java:327)
	at c.a.n.s.i.g.n.s.i.n.c.n.AbstractNioChannel$AbstractNioUnsafe.finishConnect(AbstractNioChannel.java:336)
	at c.a.n.s.i.g.n.s.i.n.c.n.NioEventLoop.processSelectedKey(NioEventLoop.java:685)
	at c.a.n.s.i.g.n.s.i.n.c.n.NioEventLoop.processSelectedKeysOptimized(NioEventLoop.java:632)
	at c.a.n.s.i.g.n.s.i.n.c.n.NioEventLoop.processSelectedKeys(NioEventLoop.java:549)
	at c.a.n.s.i.g.n.s.i.n.c.n.NioEventLoop.run(NioEventLoop.java:511)
	at c.a.n.s.i.g.n.s.i.n.u.c.SingleThreadEventExecutor$5.run(SingleThreadEventExecutor.java:918)
	at c.a.n.s.i.g.n.s.i.n.u.i.ThreadExecutorMap$2.run(ThreadExecutorMap.java:74)
	... 2 frames truncated
2024-08-09 15:10:21.597|com.alibaba.nacos.client.remote.worker|ERROR|c.a.n.c.r.c.grpc.GrpcClient.printIfErrorEnabled:99|IGNORE|||||||||||||||||||||||||||||Server check fail, please check server 192.168.71.1 ,port 9848 is available , error ={}
j.u.c.ExecutionException: com.alibaba.nacos.shaded.io.grpc.StatusRuntimeException: UNAVAILABLE: io exception
	at c.a.n.s.c.g.c.u.c.AbstractFuture.getDoneValue(AbstractFuture.java:566)
	at c.a.n.s.c.g.c.u.c.AbstractFuture.get(AbstractFuture.java:445)
	at c.a.n.c.r.c.grpc.GrpcClient.serverCheck(GrpcClient.java:148)
	at c.a.n.c.r.c.grpc.GrpcClient.connectToServer(GrpcClient.java:264)
	at c.a.n.c.r.client.RpcClient.reconnect(RpcClient.java:522)
	at c.a.n.c.r.client.RpcClient.lambda$start$2(RpcClient.java:370)
	at j.u.c.Executors$RunnableAdapter.call(Executors.java:511)
	at j.util.concurrent.FutureTask.run(FutureTask.java:266)
	at j.u.c.ScheduledThreadPoolExecutor$ScheduledFutureTask.access$201(ScheduledThreadPoolExecutor.java:180)
	at j.u.c.ScheduledThreadPoolExecutor$ScheduledFutureTask.run(ScheduledThreadPoolExecutor.java:293)
	... 3 frames truncated
Caused by: c.a.n.s.i.g.StatusRuntimeException: UNAVAILABLE: io exception
	at c.a.n.shaded.io.grpc.Status.asRuntimeException(Status.java:533)
	at c.a.n.s.i.g.s.ClientCalls$UnaryStreamToFuture.onClose(ClientCalls.java:490)
	at c.a.n.s.i.g.PartialForwardingClientCallListener.onClose(PartialForwardingClientCallListener.java:39)
	at c.a.n.s.i.g.ForwardingClientCallListener.onClose(ForwardingClientCallListener.java:23)
	at c.a.n.s.i.g.ForwardingClientCallListener$SimpleForwardingClientCallListener.onClose(ForwardingClientCallListener.java:40)
	at c.a.n.s.i.g.i.CensusStatsModule$StatsClientInterceptor$1$1.onClose(CensusStatsModule.java:700)
	at c.a.n.s.i.g.PartialForwardingClientCallListener.onClose(PartialForwardingClientCallListener.java:39)
	at c.a.n.s.i.g.ForwardingClientCallListener.onClose(ForwardingClientCallListener.java:23)
	at c.a.n.s.i.g.ForwardingClientCallListener$SimpleForwardingClientCallListener.onClose(ForwardingClientCallListener.java:40)
	at c.a.n.s.i.g.i.CensusTracingModule$TracingClientInterceptor$1$1.onClose(CensusTracingModule.java:399)
	... 8 frames truncated
	... 3 common frames omitted
Caused by: c.a.n.s.i.g.n.s.i.n.c.AbstractChannel$AnnotatedConnectException: Connection refused: no further information: /192.168.71.1:9848
Caused by: java.net.ConnectException: Connection refused: no further information
	at sun.nio.ch.SocketChannelImpl.checkConnect(SocketChannelImpl.java)
	at sun.nio.ch.SocketChannelImpl.finishConnect(SocketChannelImpl.java:715)
	at c.a.n.s.i.g.n.s.i.n.c.s.n.NioSocketChannel.doFinishConnect(NioSocketChannel.java:327)
	at c.a.n.s.i.g.n.s.i.n.c.n.AbstractNioChannel$AbstractNioUnsafe.finishConnect(AbstractNioChannel.java:336)
	at c.a.n.s.i.g.n.s.i.n.c.n.NioEventLoop.processSelectedKey(NioEventLoop.java:685)
	at c.a.n.s.i.g.n.s.i.n.c.n.NioEventLoop.processSelectedKeysOptimized(NioEventLoop.java:632)
	at c.a.n.s.i.g.n.s.i.n.c.n.NioEventLoop.processSelectedKeys(NioEventLoop.java:549)
	at c.a.n.s.i.g.n.s.i.n.c.n.NioEventLoop.run(NioEventLoop.java:511)
	at c.a.n.s.i.g.n.s.i.n.u.c.SingleThreadEventExecutor$5.run(SingleThreadEventExecutor.java:918)
	at c.a.n.s.i.g.n.s.i.n.u.i.ThreadExecutorMap$2.run(ThreadExecutorMap.java:74)
	... 2 frames truncated
2024-08-09 15:10:24.236|com.alibaba.nacos.client.remote.worker|ERROR|c.a.n.c.r.c.grpc.GrpcClient.printIfErrorEnabled:99|IGNORE|||||||||||||||||||||||||||||Server check fail, please check server 192.168.71.1 ,port 9848 is available , error ={}
j.u.c.ExecutionException: com.alibaba.nacos.shaded.io.grpc.StatusRuntimeException: UNAVAILABLE: io exception
	at c.a.n.s.c.g.c.u.c.AbstractFuture.getDoneValue(AbstractFuture.java:566)
	at c.a.n.s.c.g.c.u.c.AbstractFuture.get(AbstractFuture.java:445)
	at c.a.n.c.r.c.grpc.GrpcClient.serverCheck(GrpcClient.java:148)
	at c.a.n.c.r.c.grpc.GrpcClient.connectToServer(GrpcClient.java:264)
	at c.a.n.c.r.client.RpcClient.reconnect(RpcClient.java:522)
	at c.a.n.c.r.client.RpcClient.lambda$start$2(RpcClient.java:370)
	at j.u.c.Executors$RunnableAdapter.call(Executors.java:511)
	at j.util.concurrent.FutureTask.run(FutureTask.java:266)
	at j.u.c.ScheduledThreadPoolExecutor$ScheduledFutureTask.access$201(ScheduledThreadPoolExecutor.java:180)
	at j.u.c.ScheduledThreadPoolExecutor$ScheduledFutureTask.run(ScheduledThreadPoolExecutor.java:293)
	... 3 frames truncated
Caused by: c.a.n.s.i.g.StatusRuntimeException: UNAVAILABLE: io exception
	at c.a.n.shaded.io.grpc.Status.asRuntimeException(Status.java:533)
	at c.a.n.s.i.g.s.ClientCalls$UnaryStreamToFuture.onClose(ClientCalls.java:490)
	at c.a.n.s.i.g.PartialForwardingClientCallListener.onClose(PartialForwardingClientCallListener.java:39)
	at c.a.n.s.i.g.ForwardingClientCallListener.onClose(ForwardingClientCallListener.java:23)
	at c.a.n.s.i.g.ForwardingClientCallListener$SimpleForwardingClientCallListener.onClose(ForwardingClientCallListener.java:40)
	at c.a.n.s.i.g.i.CensusStatsModule$StatsClientInterceptor$1$1.onClose(CensusStatsModule.java:700)
	at c.a.n.s.i.g.PartialForwardingClientCallListener.onClose(PartialForwardingClientCallListener.java:39)
	at c.a.n.s.i.g.ForwardingClientCallListener.onClose(ForwardingClientCallListener.java:23)
	at c.a.n.s.i.g.ForwardingClientCallListener$SimpleForwardingClientCallListener.onClose(ForwardingClientCallListener.java:40)
	at c.a.n.s.i.g.i.CensusTracingModule$TracingClientInterceptor$1$1.onClose(CensusTracingModule.java:399)
	... 8 frames truncated
	... 3 common frames omitted
Caused by: c.a.n.s.i.g.n.s.i.n.c.AbstractChannel$AnnotatedConnectException: Connection refused: no further information: /192.168.71.1:9848
Caused by: java.net.ConnectException: Connection refused: no further information
	at sun.nio.ch.SocketChannelImpl.checkConnect(SocketChannelImpl.java)
	at sun.nio.ch.SocketChannelImpl.finishConnect(SocketChannelImpl.java:715)
	at c.a.n.s.i.g.n.s.i.n.c.s.n.NioSocketChannel.doFinishConnect(NioSocketChannel.java:327)
	at c.a.n.s.i.g.n.s.i.n.c.n.AbstractNioChannel$AbstractNioUnsafe.finishConnect(AbstractNioChannel.java:336)
	at c.a.n.s.i.g.n.s.i.n.c.n.NioEventLoop.processSelectedKey(NioEventLoop.java:685)
	at c.a.n.s.i.g.n.s.i.n.c.n.NioEventLoop.processSelectedKeysOptimized(NioEventLoop.java:632)
	at c.a.n.s.i.g.n.s.i.n.c.n.NioEventLoop.processSelectedKeys(NioEventLoop.java:549)
	at c.a.n.s.i.g.n.s.i.n.c.n.NioEventLoop.run(NioEventLoop.java:511)
	at c.a.n.s.i.g.n.s.i.n.u.c.SingleThreadEventExecutor$5.run(SingleThreadEventExecutor.java:918)
	at c.a.n.s.i.g.n.s.i.n.u.i.ThreadExecutorMap$2.run(ThreadExecutorMap.java:74)
	... 2 frames truncated
2024-08-09 15:10:26.995|com.alibaba.nacos.client.remote.worker|ERROR|c.a.n.c.r.c.grpc.GrpcClient.printIfErrorEnabled:99|IGNORE|||||||||||||||||||||||||||||Server check fail, please check server 192.168.71.1 ,port 9848 is available , error ={}
j.u.c.ExecutionException: com.alibaba.nacos.shaded.io.grpc.StatusRuntimeException: UNAVAILABLE: io exception
	at c.a.n.s.c.g.c.u.c.AbstractFuture.getDoneValue(AbstractFuture.java:566)
	at c.a.n.s.c.g.c.u.c.AbstractFuture.get(AbstractFuture.java:445)
	at c.a.n.c.r.c.grpc.GrpcClient.serverCheck(GrpcClient.java:148)
	at c.a.n.c.r.c.grpc.GrpcClient.connectToServer(GrpcClient.java:264)
	at c.a.n.c.r.client.RpcClient.reconnect(RpcClient.java:522)
	at c.a.n.c.r.client.RpcClient.lambda$start$2(RpcClient.java:370)
	at j.u.c.Executors$RunnableAdapter.call(Executors.java:511)
	at j.util.concurrent.FutureTask.run(FutureTask.java:266)
	at j.u.c.ScheduledThreadPoolExecutor$ScheduledFutureTask.access$201(ScheduledThreadPoolExecutor.java:180)
	at j.u.c.ScheduledThreadPoolExecutor$ScheduledFutureTask.run(ScheduledThreadPoolExecutor.java:293)
	... 3 frames truncated
Caused by: c.a.n.s.i.g.StatusRuntimeException: UNAVAILABLE: io exception
	at c.a.n.shaded.io.grpc.Status.asRuntimeException(Status.java:533)
	at c.a.n.s.i.g.s.ClientCalls$UnaryStreamToFuture.onClose(ClientCalls.java:490)
	at c.a.n.s.i.g.PartialForwardingClientCallListener.onClose(PartialForwardingClientCallListener.java:39)
	at c.a.n.s.i.g.ForwardingClientCallListener.onClose(ForwardingClientCallListener.java:23)
	at c.a.n.s.i.g.ForwardingClientCallListener$SimpleForwardingClientCallListener.onClose(ForwardingClientCallListener.java:40)
	at c.a.n.s.i.g.i.CensusStatsModule$StatsClientInterceptor$1$1.onClose(CensusStatsModule.java:700)
	at c.a.n.s.i.g.PartialForwardingClientCallListener.onClose(PartialForwardingClientCallListener.java:39)
	at c.a.n.s.i.g.ForwardingClientCallListener.onClose(ForwardingClientCallListener.java:23)
	at c.a.n.s.i.g.ForwardingClientCallListener$SimpleForwardingClientCallListener.onClose(ForwardingClientCallListener.java:40)
	at c.a.n.s.i.g.i.CensusTracingModule$TracingClientInterceptor$1$1.onClose(CensusTracingModule.java:399)
	... 8 frames truncated
	... 3 common frames omitted
Caused by: c.a.n.s.i.g.n.s.i.n.c.AbstractChannel$AnnotatedConnectException: Connection refused: no further information: /192.168.71.1:9848
Caused by: java.net.ConnectException: Connection refused: no further information
	at sun.nio.ch.SocketChannelImpl.checkConnect(SocketChannelImpl.java)
	at sun.nio.ch.SocketChannelImpl.finishConnect(SocketChannelImpl.java:715)
	at c.a.n.s.i.g.n.s.i.n.c.s.n.NioSocketChannel.doFinishConnect(NioSocketChannel.java:327)
	at c.a.n.s.i.g.n.s.i.n.c.n.AbstractNioChannel$AbstractNioUnsafe.finishConnect(AbstractNioChannel.java:336)
	at c.a.n.s.i.g.n.s.i.n.c.n.NioEventLoop.processSelectedKey(NioEventLoop.java:685)
	at c.a.n.s.i.g.n.s.i.n.c.n.NioEventLoop.processSelectedKeysOptimized(NioEventLoop.java:632)
	at c.a.n.s.i.g.n.s.i.n.c.n.NioEventLoop.processSelectedKeys(NioEventLoop.java:549)
	at c.a.n.s.i.g.n.s.i.n.c.n.NioEventLoop.run(NioEventLoop.java:511)
	at c.a.n.s.i.g.n.s.i.n.u.c.SingleThreadEventExecutor$5.run(SingleThreadEventExecutor.java:918)
	at c.a.n.s.i.g.n.s.i.n.u.i.ThreadExecutorMap$2.run(ThreadExecutorMap.java:74)
	... 2 frames truncated
2024-08-09 15:10:29.859|com.alibaba.nacos.client.remote.worker|ERROR|c.a.n.c.r.c.grpc.GrpcClient.printIfErrorEnabled:99|IGNORE|||||||||||||||||||||||||||||Server check fail, please check server 192.168.71.1 ,port 9848 is available , error ={}
j.u.c.ExecutionException: com.alibaba.nacos.shaded.io.grpc.StatusRuntimeException: UNAVAILABLE: io exception
	at c.a.n.s.c.g.c.u.c.AbstractFuture.getDoneValue(AbstractFuture.java:566)
	at c.a.n.s.c.g.c.u.c.AbstractFuture.get(AbstractFuture.java:445)
	at c.a.n.c.r.c.grpc.GrpcClient.serverCheck(GrpcClient.java:148)
	at c.a.n.c.r.c.grpc.GrpcClient.connectToServer(GrpcClient.java:264)
	at c.a.n.c.r.client.RpcClient.reconnect(RpcClient.java:522)
	at c.a.n.c.r.client.RpcClient.lambda$start$2(RpcClient.java:370)
	at j.u.c.Executors$RunnableAdapter.call(Executors.java:511)
	at j.util.concurrent.FutureTask.run(FutureTask.java:266)
	at j.u.c.ScheduledThreadPoolExecutor$ScheduledFutureTask.access$201(ScheduledThreadPoolExecutor.java:180)
	at j.u.c.ScheduledThreadPoolExecutor$ScheduledFutureTask.run(ScheduledThreadPoolExecutor.java:293)
	... 3 frames truncated
Caused by: c.a.n.s.i.g.StatusRuntimeException: UNAVAILABLE: io exception
	at c.a.n.shaded.io.grpc.Status.asRuntimeException(Status.java:533)
	at c.a.n.s.i.g.s.ClientCalls$UnaryStreamToFuture.onClose(ClientCalls.java:490)
	at c.a.n.s.i.g.PartialForwardingClientCallListener.onClose(PartialForwardingClientCallListener.java:39)
	at c.a.n.s.i.g.ForwardingClientCallListener.onClose(ForwardingClientCallListener.java:23)
	at c.a.n.s.i.g.ForwardingClientCallListener$SimpleForwardingClientCallListener.onClose(ForwardingClientCallListener.java:40)
	at c.a.n.s.i.g.i.CensusStatsModule$StatsClientInterceptor$1$1.onClose(CensusStatsModule.java:700)
	at c.a.n.s.i.g.PartialForwardingClientCallListener.onClose(PartialForwardingClientCallListener.java:39)
	at c.a.n.s.i.g.ForwardingClientCallListener.onClose(ForwardingClientCallListener.java:23)
	at c.a.n.s.i.g.ForwardingClientCallListener$SimpleForwardingClientCallListener.onClose(ForwardingClientCallListener.java:40)
	at c.a.n.s.i.g.i.CensusTracingModule$TracingClientInterceptor$1$1.onClose(CensusTracingModule.java:399)
	... 8 frames truncated
	... 3 common frames omitted
Caused by: c.a.n.s.i.g.n.s.i.n.c.AbstractChannel$AnnotatedConnectException: Connection refused: no further information: /192.168.71.1:9848
Caused by: java.net.ConnectException: Connection refused: no further information
	at sun.nio.ch.SocketChannelImpl.checkConnect(SocketChannelImpl.java)
	at sun.nio.ch.SocketChannelImpl.finishConnect(SocketChannelImpl.java:715)
	at c.a.n.s.i.g.n.s.i.n.c.s.n.NioSocketChannel.doFinishConnect(NioSocketChannel.java:327)
	at c.a.n.s.i.g.n.s.i.n.c.n.AbstractNioChannel$AbstractNioUnsafe.finishConnect(AbstractNioChannel.java:336)
	at c.a.n.s.i.g.n.s.i.n.c.n.NioEventLoop.processSelectedKey(NioEventLoop.java:685)
	at c.a.n.s.i.g.n.s.i.n.c.n.NioEventLoop.processSelectedKeysOptimized(NioEventLoop.java:632)
	at c.a.n.s.i.g.n.s.i.n.c.n.NioEventLoop.processSelectedKeys(NioEventLoop.java:549)
	at c.a.n.s.i.g.n.s.i.n.c.n.NioEventLoop.run(NioEventLoop.java:511)
	at c.a.n.s.i.g.n.s.i.n.u.c.SingleThreadEventExecutor$5.run(SingleThreadEventExecutor.java:918)
	at c.a.n.s.i.g.n.s.i.n.u.i.ThreadExecutorMap$2.run(ThreadExecutorMap.java:74)
	... 2 frames truncated
2024-08-09 15:10:32.805|com.alibaba.nacos.client.remote.worker|ERROR|c.a.n.c.r.c.grpc.GrpcClient.printIfErrorEnabled:99|IGNORE|||||||||||||||||||||||||||||Server check fail, please check server 192.168.71.1 ,port 9848 is available , error ={}
j.u.c.ExecutionException: com.alibaba.nacos.shaded.io.grpc.StatusRuntimeException: UNAVAILABLE: io exception
	at c.a.n.s.c.g.c.u.c.AbstractFuture.getDoneValue(AbstractFuture.java:566)
	at c.a.n.s.c.g.c.u.c.AbstractFuture.get(AbstractFuture.java:445)
	at c.a.n.c.r.c.grpc.GrpcClient.serverCheck(GrpcClient.java:148)
	at c.a.n.c.r.c.grpc.GrpcClient.connectToServer(GrpcClient.java:264)
	at c.a.n.c.r.client.RpcClient.reconnect(RpcClient.java:522)
	at c.a.n.c.r.client.RpcClient.lambda$start$2(RpcClient.java:370)
	at j.u.c.Executors$RunnableAdapter.call(Executors.java:511)
	at j.util.concurrent.FutureTask.run(FutureTask.java:266)
	at j.u.c.ScheduledThreadPoolExecutor$ScheduledFutureTask.access$201(ScheduledThreadPoolExecutor.java:180)
	at j.u.c.ScheduledThreadPoolExecutor$ScheduledFutureTask.run(ScheduledThreadPoolExecutor.java:293)
	... 3 frames truncated
Caused by: c.a.n.s.i.g.StatusRuntimeException: UNAVAILABLE: io exception
	at c.a.n.shaded.io.grpc.Status.asRuntimeException(Status.java:533)
	at c.a.n.s.i.g.s.ClientCalls$UnaryStreamToFuture.onClose(ClientCalls.java:490)
	at c.a.n.s.i.g.PartialForwardingClientCallListener.onClose(PartialForwardingClientCallListener.java:39)
	at c.a.n.s.i.g.ForwardingClientCallListener.onClose(ForwardingClientCallListener.java:23)
	at c.a.n.s.i.g.ForwardingClientCallListener$SimpleForwardingClientCallListener.onClose(ForwardingClientCallListener.java:40)
	at c.a.n.s.i.g.i.CensusStatsModule$StatsClientInterceptor$1$1.onClose(CensusStatsModule.java:700)
	at c.a.n.s.i.g.PartialForwardingClientCallListener.onClose(PartialForwardingClientCallListener.java:39)
	at c.a.n.s.i.g.ForwardingClientCallListener.onClose(ForwardingClientCallListener.java:23)
	at c.a.n.s.i.g.ForwardingClientCallListener$SimpleForwardingClientCallListener.onClose(ForwardingClientCallListener.java:40)
	at c.a.n.s.i.g.i.CensusTracingModule$TracingClientInterceptor$1$1.onClose(CensusTracingModule.java:399)
	... 8 frames truncated
	... 3 common frames omitted
Caused by: c.a.n.s.i.g.n.s.i.n.c.AbstractChannel$AnnotatedConnectException: Connection refused: no further information: /192.168.71.1:9848
Caused by: java.net.ConnectException: Connection refused: no further information
	at sun.nio.ch.SocketChannelImpl.checkConnect(SocketChannelImpl.java)
	at sun.nio.ch.SocketChannelImpl.finishConnect(SocketChannelImpl.java:715)
	at c.a.n.s.i.g.n.s.i.n.c.s.n.NioSocketChannel.doFinishConnect(NioSocketChannel.java:327)
	at c.a.n.s.i.g.n.s.i.n.c.n.AbstractNioChannel$AbstractNioUnsafe.finishConnect(AbstractNioChannel.java:336)
	at c.a.n.s.i.g.n.s.i.n.c.n.NioEventLoop.processSelectedKey(NioEventLoop.java:685)
	at c.a.n.s.i.g.n.s.i.n.c.n.NioEventLoop.processSelectedKeysOptimized(NioEventLoop.java:632)
	at c.a.n.s.i.g.n.s.i.n.c.n.NioEventLoop.processSelectedKeys(NioEventLoop.java:549)
	at c.a.n.s.i.g.n.s.i.n.c.n.NioEventLoop.run(NioEventLoop.java:511)
	at c.a.n.s.i.g.n.s.i.n.u.c.SingleThreadEventExecutor$5.run(SingleThreadEventExecutor.java:918)
	at c.a.n.s.i.g.n.s.i.n.u.i.ThreadExecutorMap$2.run(ThreadExecutorMap.java:74)
	... 2 frames truncated
2024-08-09 15:10:35.863|com.alibaba.nacos.client.remote.worker|ERROR|c.a.n.c.r.c.grpc.GrpcClient.printIfErrorEnabled:99|IGNORE|||||||||||||||||||||||||||||Server check fail, please check server 192.168.71.1 ,port 9848 is available , error ={}
j.u.c.ExecutionException: com.alibaba.nacos.shaded.io.grpc.StatusRuntimeException: UNAVAILABLE: io exception
	at c.a.n.s.c.g.c.u.c.AbstractFuture.getDoneValue(AbstractFuture.java:566)
	at c.a.n.s.c.g.c.u.c.AbstractFuture.get(AbstractFuture.java:445)
	at c.a.n.c.r.c.grpc.GrpcClient.serverCheck(GrpcClient.java:148)
	at c.a.n.c.r.c.grpc.GrpcClient.connectToServer(GrpcClient.java:264)
	at c.a.n.c.r.client.RpcClient.reconnect(RpcClient.java:522)
	at c.a.n.c.r.client.RpcClient.lambda$start$2(RpcClient.java:370)
	at j.u.c.Executors$RunnableAdapter.call(Executors.java:511)
	at j.util.concurrent.FutureTask.run(FutureTask.java:266)
	at j.u.c.ScheduledThreadPoolExecutor$ScheduledFutureTask.access$201(ScheduledThreadPoolExecutor.java:180)
	at j.u.c.ScheduledThreadPoolExecutor$ScheduledFutureTask.run(ScheduledThreadPoolExecutor.java:293)
	... 3 frames truncated
Caused by: c.a.n.s.i.g.StatusRuntimeException: UNAVAILABLE: io exception
	at c.a.n.shaded.io.grpc.Status.asRuntimeException(Status.java:533)
	at c.a.n.s.i.g.s.ClientCalls$UnaryStreamToFuture.onClose(ClientCalls.java:490)
	at c.a.n.s.i.g.PartialForwardingClientCallListener.onClose(PartialForwardingClientCallListener.java:39)
	at c.a.n.s.i.g.ForwardingClientCallListener.onClose(ForwardingClientCallListener.java:23)
	at c.a.n.s.i.g.ForwardingClientCallListener$SimpleForwardingClientCallListener.onClose(ForwardingClientCallListener.java:40)
	at c.a.n.s.i.g.i.CensusStatsModule$StatsClientInterceptor$1$1.onClose(CensusStatsModule.java:700)
	at c.a.n.s.i.g.PartialForwardingClientCallListener.onClose(PartialForwardingClientCallListener.java:39)
	at c.a.n.s.i.g.ForwardingClientCallListener.onClose(ForwardingClientCallListener.java:23)
	at c.a.n.s.i.g.ForwardingClientCallListener$SimpleForwardingClientCallListener.onClose(ForwardingClientCallListener.java:40)
	at c.a.n.s.i.g.i.CensusTracingModule$TracingClientInterceptor$1$1.onClose(CensusTracingModule.java:399)
	... 8 frames truncated
	... 3 common frames omitted
Caused by: c.a.n.s.i.g.n.s.i.n.c.AbstractChannel$AnnotatedConnectException: Connection refused: no further information: /192.168.71.1:9848
Caused by: java.net.ConnectException: Connection refused: no further information
	at sun.nio.ch.SocketChannelImpl.checkConnect(SocketChannelImpl.java)
	at sun.nio.ch.SocketChannelImpl.finishConnect(SocketChannelImpl.java:715)
	at c.a.n.s.i.g.n.s.i.n.c.s.n.NioSocketChannel.doFinishConnect(NioSocketChannel.java:327)
	at c.a.n.s.i.g.n.s.i.n.c.n.AbstractNioChannel$AbstractNioUnsafe.finishConnect(AbstractNioChannel.java:336)
	at c.a.n.s.i.g.n.s.i.n.c.n.NioEventLoop.processSelectedKey(NioEventLoop.java:685)
	at c.a.n.s.i.g.n.s.i.n.c.n.NioEventLoop.processSelectedKeysOptimized(NioEventLoop.java:632)
	at c.a.n.s.i.g.n.s.i.n.c.n.NioEventLoop.processSelectedKeys(NioEventLoop.java:549)
	at c.a.n.s.i.g.n.s.i.n.c.n.NioEventLoop.run(NioEventLoop.java:511)
	at c.a.n.s.i.g.n.s.i.n.u.c.SingleThreadEventExecutor$5.run(SingleThreadEventExecutor.java:918)
	at c.a.n.s.i.g.n.s.i.n.u.i.ThreadExecutorMap$2.run(ThreadExecutorMap.java:74)
	... 2 frames truncated
2024-08-09 15:10:39.030|com.alibaba.nacos.client.remote.worker|ERROR|c.a.n.c.r.c.grpc.GrpcClient.printIfErrorEnabled:99|IGNORE|||||||||||||||||||||||||||||Server check fail, please check server 192.168.71.1 ,port 9848 is available , error ={}
j.u.c.ExecutionException: com.alibaba.nacos.shaded.io.grpc.StatusRuntimeException: UNAVAILABLE: io exception
	at c.a.n.s.c.g.c.u.c.AbstractFuture.getDoneValue(AbstractFuture.java:566)
	at c.a.n.s.c.g.c.u.c.AbstractFuture.get(AbstractFuture.java:445)
	at c.a.n.c.r.c.grpc.GrpcClient.serverCheck(GrpcClient.java:148)
	at c.a.n.c.r.c.grpc.GrpcClient.connectToServer(GrpcClient.java:264)
	at c.a.n.c.r.client.RpcClient.reconnect(RpcClient.java:522)
	at c.a.n.c.r.client.RpcClient.lambda$start$2(RpcClient.java:370)
	at j.u.c.Executors$RunnableAdapter.call(Executors.java:511)
	at j.util.concurrent.FutureTask.run(FutureTask.java:266)
	at j.u.c.ScheduledThreadPoolExecutor$ScheduledFutureTask.access$201(ScheduledThreadPoolExecutor.java:180)
	at j.u.c.ScheduledThreadPoolExecutor$ScheduledFutureTask.run(ScheduledThreadPoolExecutor.java:293)
	... 3 frames truncated
Caused by: c.a.n.s.i.g.StatusRuntimeException: UNAVAILABLE: io exception
	at c.a.n.shaded.io.grpc.Status.asRuntimeException(Status.java:533)
	at c.a.n.s.i.g.s.ClientCalls$UnaryStreamToFuture.onClose(ClientCalls.java:490)
	at c.a.n.s.i.g.PartialForwardingClientCallListener.onClose(PartialForwardingClientCallListener.java:39)
	at c.a.n.s.i.g.ForwardingClientCallListener.onClose(ForwardingClientCallListener.java:23)
	at c.a.n.s.i.g.ForwardingClientCallListener$SimpleForwardingClientCallListener.onClose(ForwardingClientCallListener.java:40)
	at c.a.n.s.i.g.i.CensusStatsModule$StatsClientInterceptor$1$1.onClose(CensusStatsModule.java:700)
	at c.a.n.s.i.g.PartialForwardingClientCallListener.onClose(PartialForwardingClientCallListener.java:39)
	at c.a.n.s.i.g.ForwardingClientCallListener.onClose(ForwardingClientCallListener.java:23)
	at c.a.n.s.i.g.ForwardingClientCallListener$SimpleForwardingClientCallListener.onClose(ForwardingClientCallListener.java:40)
	at c.a.n.s.i.g.i.CensusTracingModule$TracingClientInterceptor$1$1.onClose(CensusTracingModule.java:399)
	... 8 frames truncated
	... 3 common frames omitted
Caused by: c.a.n.s.i.g.n.s.i.n.c.AbstractChannel$AnnotatedConnectException: Connection refused: no further information: /192.168.71.1:9848
Caused by: java.net.ConnectException: Connection refused: no further information
	at sun.nio.ch.SocketChannelImpl.checkConnect(SocketChannelImpl.java)
	at sun.nio.ch.SocketChannelImpl.finishConnect(SocketChannelImpl.java:715)
	at c.a.n.s.i.g.n.s.i.n.c.s.n.NioSocketChannel.doFinishConnect(NioSocketChannel.java:327)
	at c.a.n.s.i.g.n.s.i.n.c.n.AbstractNioChannel$AbstractNioUnsafe.finishConnect(AbstractNioChannel.java:336)
	at c.a.n.s.i.g.n.s.i.n.c.n.NioEventLoop.processSelectedKey(NioEventLoop.java:685)
	at c.a.n.s.i.g.n.s.i.n.c.n.NioEventLoop.processSelectedKeysOptimized(NioEventLoop.java:632)
	at c.a.n.s.i.g.n.s.i.n.c.n.NioEventLoop.processSelectedKeys(NioEventLoop.java:549)
	at c.a.n.s.i.g.n.s.i.n.c.n.NioEventLoop.run(NioEventLoop.java:511)
	at c.a.n.s.i.g.n.s.i.n.u.c.SingleThreadEventExecutor$5.run(SingleThreadEventExecutor.java:918)
	at c.a.n.s.i.g.n.s.i.n.u.i.ThreadExecutorMap$2.run(ThreadExecutorMap.java:74)
	... 2 frames truncated
2024-08-09 15:10:42.281|com.alibaba.nacos.client.remote.worker|ERROR|c.a.n.c.r.c.grpc.GrpcClient.?:?|IGNORE|||||||||||||||||||||||||||||Server check fail, please check server 192.168.71.1 ,port 9848 is available , error ={}
j.u.c.ExecutionException: com.alibaba.nacos.shaded.io.grpc.StatusRuntimeException: UNAVAILABLE: io exception
	at c.a.n.s.c.g.c.u.c.AbstractFuture.getDoneValue(AbstractFuture.java:566)
	at c.a.n.s.c.g.c.u.c.AbstractFuture.get(AbstractFuture.java:445)
	at c.a.n.c.r.c.grpc.GrpcClient.serverCheck(GrpcClient.java:148)
	at c.a.n.c.r.c.grpc.GrpcClient.connectToServer(GrpcClient.java:264)
	at c.a.n.c.r.client.RpcClient.reconnect(RpcClient.java:522)
	at c.a.n.c.r.client.RpcClient.lambda$start$2(RpcClient.java:370)
	at j.u.c.Executors$RunnableAdapter.call(Executors.java:511)
	at j.util.concurrent.FutureTask.run(FutureTask.java:266)
	at j.u.c.ScheduledThreadPoolExecutor$ScheduledFutureTask.access$201(ScheduledThreadPoolExecutor.java:180)
	at j.u.c.ScheduledThreadPoolExecutor$ScheduledFutureTask.run(ScheduledThreadPoolExecutor.java:293)
	... 3 frames truncated
Caused by: c.a.n.s.i.g.StatusRuntimeException: UNAVAILABLE: io exception
	at c.a.n.shaded.io.grpc.Status.asRuntimeException(Status.java:533)
	at c.a.n.s.i.g.s.ClientCalls$UnaryStreamToFuture.onClose(ClientCalls.java:490)
	at c.a.n.s.i.g.PartialForwardingClientCallListener.onClose(PartialForwardingClientCallListener.java:39)
	at c.a.n.s.i.g.ForwardingClientCallListener.onClose(ForwardingClientCallListener.java:23)
	at c.a.n.s.i.g.ForwardingClientCallListener$SimpleForwardingClientCallListener.onClose(ForwardingClientCallListener.java:40)
	at c.a.n.s.i.g.i.CensusStatsModule$StatsClientInterceptor$1$1.onClose(CensusStatsModule.java:700)
	at c.a.n.s.i.g.PartialForwardingClientCallListener.onClose(PartialForwardingClientCallListener.java:39)
	at c.a.n.s.i.g.ForwardingClientCallListener.onClose(ForwardingClientCallListener.java:23)
	at c.a.n.s.i.g.ForwardingClientCallListener$SimpleForwardingClientCallListener.onClose(ForwardingClientCallListener.java:40)
	at c.a.n.s.i.g.i.CensusTracingModule$TracingClientInterceptor$1$1.onClose(CensusTracingModule.java:399)
	... 8 frames truncated
	... 3 common frames omitted
Caused by: c.a.n.s.i.g.n.s.i.n.c.AbstractChannel$AnnotatedConnectException: Connection refused: no further information: /192.168.71.1:9848
Caused by: java.net.ConnectException: Connection refused: no further information
	at sun.nio.ch.SocketChannelImpl.checkConnect(SocketChannelImpl.java)
	at sun.nio.ch.SocketChannelImpl.finishConnect(SocketChannelImpl.java:715)
	at c.a.n.s.i.g.n.s.i.n.c.s.n.NioSocketChannel.doFinishConnect(NioSocketChannel.java:327)
	at c.a.n.s.i.g.n.s.i.n.c.n.AbstractNioChannel$AbstractNioUnsafe.finishConnect(AbstractNioChannel.java:336)
	at c.a.n.s.i.g.n.s.i.n.c.n.NioEventLoop.processSelectedKey(NioEventLoop.java:685)
	at c.a.n.s.i.g.n.s.i.n.c.n.NioEventLoop.processSelectedKeysOptimized(NioEventLoop.java:632)
	at c.a.n.s.i.g.n.s.i.n.c.n.NioEventLoop.processSelectedKeys(NioEventLoop.java:549)
	at c.a.n.s.i.g.n.s.i.n.c.n.NioEventLoop.run(NioEventLoop.java:511)
	at c.a.n.s.i.g.n.s.i.n.u.c.SingleThreadEventExecutor$5.run(SingleThreadEventExecutor.java:918)
	at c.a.n.s.i.g.n.s.i.n.u.i.ThreadExecutorMap$2.run(ThreadExecutorMap.java:74)
	... 2 frames truncated
2024-08-09 15:10:45.658|com.alibaba.nacos.client.remote.worker|ERROR|c.a.n.c.r.c.grpc.GrpcClient.printIfErrorEnabled:99|IGNORE|||||||||||||||||||||||||||||Server check fail, please check server 192.168.71.1 ,port 9848 is available , error ={}
j.u.c.ExecutionException: com.alibaba.nacos.shaded.io.grpc.StatusRuntimeException: UNAVAILABLE: io exception
	at c.a.n.s.c.g.c.u.c.AbstractFuture.getDoneValue(AbstractFuture.java:566)
	at c.a.n.s.c.g.c.u.c.AbstractFuture.get(AbstractFuture.java:445)
	at c.a.n.c.r.c.grpc.GrpcClient.serverCheck(GrpcClient.java:148)
	at c.a.n.c.r.c.grpc.GrpcClient.connectToServer(GrpcClient.java:264)
	at c.a.n.c.r.client.RpcClient.reconnect(RpcClient.java:522)
	at c.a.n.c.r.client.RpcClient.lambda$start$2(RpcClient.java:370)
	at j.u.c.Executors$RunnableAdapter.call(Executors.java:511)
	at j.util.concurrent.FutureTask.run(FutureTask.java:266)
	at j.u.c.ScheduledThreadPoolExecutor$ScheduledFutureTask.access$201(ScheduledThreadPoolExecutor.java:180)
	at j.u.c.ScheduledThreadPoolExecutor$ScheduledFutureTask.run(ScheduledThreadPoolExecutor.java:293)
	... 3 frames truncated
Caused by: c.a.n.s.i.g.StatusRuntimeException: UNAVAILABLE: io exception
	at c.a.n.shaded.io.grpc.Status.asRuntimeException(Status.java:533)
	at c.a.n.s.i.g.s.ClientCalls$UnaryStreamToFuture.onClose(ClientCalls.java:490)
	at c.a.n.s.i.g.PartialForwardingClientCallListener.onClose(PartialForwardingClientCallListener.java:39)
	at c.a.n.s.i.g.ForwardingClientCallListener.onClose(ForwardingClientCallListener.java:23)
	at c.a.n.s.i.g.ForwardingClientCallListener$SimpleForwardingClientCallListener.onClose(ForwardingClientCallListener.java:40)
	at c.a.n.s.i.g.i.CensusStatsModule$StatsClientInterceptor$1$1.onClose(CensusStatsModule.java:700)
	at c.a.n.s.i.g.PartialForwardingClientCallListener.onClose(PartialForwardingClientCallListener.java:39)
	at c.a.n.s.i.g.ForwardingClientCallListener.onClose(ForwardingClientCallListener.java:23)
	at c.a.n.s.i.g.ForwardingClientCallListener$SimpleForwardingClientCallListener.onClose(ForwardingClientCallListener.java:40)
	at c.a.n.s.i.g.i.CensusTracingModule$TracingClientInterceptor$1$1.onClose(CensusTracingModule.java:399)
	... 8 frames truncated
	... 3 common frames omitted
Caused by: c.a.n.s.i.g.n.s.i.n.c.AbstractChannel$AnnotatedConnectException: Connection refused: no further information: /192.168.71.1:9848
Caused by: java.net.ConnectException: Connection refused: no further information
	at sun.nio.ch.SocketChannelImpl.checkConnect(SocketChannelImpl.java)
	at sun.nio.ch.SocketChannelImpl.finishConnect(SocketChannelImpl.java:715)
	at c.a.n.s.i.g.n.s.i.n.c.s.n.NioSocketChannel.doFinishConnect(NioSocketChannel.java:327)
	at c.a.n.s.i.g.n.s.i.n.c.n.AbstractNioChannel$AbstractNioUnsafe.finishConnect(AbstractNioChannel.java:336)
	at c.a.n.s.i.g.n.s.i.n.c.n.NioEventLoop.processSelectedKey(NioEventLoop.java:685)
	at c.a.n.s.i.g.n.s.i.n.c.n.NioEventLoop.processSelectedKeysOptimized(NioEventLoop.java:632)
	at c.a.n.s.i.g.n.s.i.n.c.n.NioEventLoop.processSelectedKeys(NioEventLoop.java:549)
	at c.a.n.s.i.g.n.s.i.n.c.n.NioEventLoop.run(NioEventLoop.java:511)
	at c.a.n.s.i.g.n.s.i.n.u.c.SingleThreadEventExecutor$5.run(SingleThreadEventExecutor.java:918)
	at c.a.n.s.i.g.n.s.i.n.u.i.ThreadExecutorMap$2.run(ThreadExecutorMap.java:74)
	... 2 frames truncated
2024-08-09 15:10:49.129|com.alibaba.nacos.client.remote.worker|ERROR|c.a.n.c.r.c.grpc.GrpcClient.?:?|IGNORE|||||||||||||||||||||||||||||Server check fail, please check server 192.168.71.1 ,port 9848 is available , error ={}
j.u.c.ExecutionException: com.alibaba.nacos.shaded.io.grpc.StatusRuntimeException: UNAVAILABLE: io exception
	at c.a.n.s.c.g.c.u.c.AbstractFuture.getDoneValue(AbstractFuture.java:566)
	at c.a.n.s.c.g.c.u.c.AbstractFuture.get(AbstractFuture.java:445)
	at c.a.n.c.r.c.grpc.GrpcClient.serverCheck(GrpcClient.java:148)
	at c.a.n.c.r.c.grpc.GrpcClient.connectToServer(GrpcClient.java:264)
	at c.a.n.c.r.client.RpcClient.reconnect(RpcClient.java:522)
	at c.a.n.c.r.client.RpcClient.lambda$start$2(RpcClient.java:370)
	at j.u.c.Executors$RunnableAdapter.call(Executors.java:511)
	at j.util.concurrent.FutureTask.run(FutureTask.java:266)
	at j.u.c.ScheduledThreadPoolExecutor$ScheduledFutureTask.access$201(ScheduledThreadPoolExecutor.java:180)
	at j.u.c.ScheduledThreadPoolExecutor$ScheduledFutureTask.run(ScheduledThreadPoolExecutor.java:293)
	... 3 frames truncated
Caused by: c.a.n.s.i.g.StatusRuntimeException: UNAVAILABLE: io exception
	at c.a.n.shaded.io.grpc.Status.asRuntimeException(Status.java:533)
	at c.a.n.s.i.g.s.ClientCalls$UnaryStreamToFuture.onClose(ClientCalls.java:490)
	at c.a.n.s.i.g.PartialForwardingClientCallListener.onClose(PartialForwardingClientCallListener.java:39)
	at c.a.n.s.i.g.ForwardingClientCallListener.onClose(ForwardingClientCallListener.java:23)
	at c.a.n.s.i.g.ForwardingClientCallListener$SimpleForwardingClientCallListener.onClose(ForwardingClientCallListener.java:40)
	at c.a.n.s.i.g.i.CensusStatsModule$StatsClientInterceptor$1$1.onClose(CensusStatsModule.java:700)
	at c.a.n.s.i.g.PartialForwardingClientCallListener.onClose(PartialForwardingClientCallListener.java:39)
	at c.a.n.s.i.g.ForwardingClientCallListener.onClose(ForwardingClientCallListener.java:23)
	at c.a.n.s.i.g.ForwardingClientCallListener$SimpleForwardingClientCallListener.onClose(ForwardingClientCallListener.java:40)
	at c.a.n.s.i.g.i.CensusTracingModule$TracingClientInterceptor$1$1.onClose(CensusTracingModule.java:399)
	... 8 frames truncated
	... 3 common frames omitted
Caused by: c.a.n.s.i.g.n.s.i.n.c.AbstractChannel$AnnotatedConnectException: Connection refused: no further information: /192.168.71.1:9848
Caused by: java.net.ConnectException: Connection refused: no further information
	at sun.nio.ch.SocketChannelImpl.checkConnect(SocketChannelImpl.java)
	at sun.nio.ch.SocketChannelImpl.finishConnect(SocketChannelImpl.java:715)
	at c.a.n.s.i.g.n.s.i.n.c.s.n.NioSocketChannel.doFinishConnect(NioSocketChannel.java:327)
	at c.a.n.s.i.g.n.s.i.n.c.n.AbstractNioChannel$AbstractNioUnsafe.finishConnect(AbstractNioChannel.java:336)
	at c.a.n.s.i.g.n.s.i.n.c.n.NioEventLoop.processSelectedKey(NioEventLoop.java:685)
	at c.a.n.s.i.g.n.s.i.n.c.n.NioEventLoop.processSelectedKeysOptimized(NioEventLoop.java:632)
	at c.a.n.s.i.g.n.s.i.n.c.n.NioEventLoop.processSelectedKeys(NioEventLoop.java:549)
	at c.a.n.s.i.g.n.s.i.n.c.n.NioEventLoop.run(NioEventLoop.java:511)
	at c.a.n.s.i.g.n.s.i.n.u.c.SingleThreadEventExecutor$5.run(SingleThreadEventExecutor.java:918)
	at c.a.n.s.i.g.n.s.i.n.u.i.ThreadExecutorMap$2.run(ThreadExecutorMap.java:74)
	... 2 frames truncated
2024-08-09 15:10:52.677|com.alibaba.nacos.client.remote.worker|ERROR|c.a.n.c.r.c.grpc.GrpcClient.printIfErrorEnabled:99|IGNORE|||||||||||||||||||||||||||||Server check fail, please check server 192.168.71.1 ,port 9848 is available , error ={}
j.u.c.ExecutionException: com.alibaba.nacos.shaded.io.grpc.StatusRuntimeException: UNAVAILABLE: io exception
	at c.a.n.s.c.g.c.u.c.AbstractFuture.getDoneValue(AbstractFuture.java:566)
	at c.a.n.s.c.g.c.u.c.AbstractFuture.get(AbstractFuture.java:445)
	at c.a.n.c.r.c.grpc.GrpcClient.serverCheck(GrpcClient.java:148)
	at c.a.n.c.r.c.grpc.GrpcClient.connectToServer(GrpcClient.java:264)
	at c.a.n.c.r.client.RpcClient.reconnect(RpcClient.java:522)
	at c.a.n.c.r.client.RpcClient.lambda$start$2(RpcClient.java:370)
	at j.u.c.Executors$RunnableAdapter.call(Executors.java:511)
	at j.util.concurrent.FutureTask.run(FutureTask.java:266)
	at j.u.c.ScheduledThreadPoolExecutor$ScheduledFutureTask.access$201(ScheduledThreadPoolExecutor.java:180)
	at j.u.c.ScheduledThreadPoolExecutor$ScheduledFutureTask.run(ScheduledThreadPoolExecutor.java:293)
	... 3 frames truncated
Caused by: c.a.n.s.i.g.StatusRuntimeException: UNAVAILABLE: io exception
	at c.a.n.shaded.io.grpc.Status.asRuntimeException(Status.java:533)
	at c.a.n.s.i.g.s.ClientCalls$UnaryStreamToFuture.onClose(ClientCalls.java:490)
	at c.a.n.s.i.g.PartialForwardingClientCallListener.onClose(PartialForwardingClientCallListener.java:39)
	at c.a.n.s.i.g.ForwardingClientCallListener.onClose(ForwardingClientCallListener.java:23)
	at c.a.n.s.i.g.ForwardingClientCallListener$SimpleForwardingClientCallListener.onClose(ForwardingClientCallListener.java:40)
	at c.a.n.s.i.g.i.CensusStatsModule$StatsClientInterceptor$1$1.onClose(CensusStatsModule.java:700)
	at c.a.n.s.i.g.PartialForwardingClientCallListener.onClose(PartialForwardingClientCallListener.java:39)
	at c.a.n.s.i.g.ForwardingClientCallListener.onClose(ForwardingClientCallListener.java:23)
	at c.a.n.s.i.g.ForwardingClientCallListener$SimpleForwardingClientCallListener.onClose(ForwardingClientCallListener.java:40)
	at c.a.n.s.i.g.i.CensusTracingModule$TracingClientInterceptor$1$1.onClose(CensusTracingModule.java:399)
	... 8 frames truncated
	... 3 common frames omitted
Caused by: c.a.n.s.i.g.n.s.i.n.c.AbstractChannel$AnnotatedConnectException: Connection refused: no further information: /192.168.71.1:9848
Caused by: java.net.ConnectException: Connection refused: no further information
	at sun.nio.ch.SocketChannelImpl.checkConnect(SocketChannelImpl.java)
	at sun.nio.ch.SocketChannelImpl.finishConnect(SocketChannelImpl.java:715)
	at c.a.n.s.i.g.n.s.i.n.c.s.n.NioSocketChannel.doFinishConnect(NioSocketChannel.java:327)
	at c.a.n.s.i.g.n.s.i.n.c.n.AbstractNioChannel$AbstractNioUnsafe.finishConnect(AbstractNioChannel.java:336)
	at c.a.n.s.i.g.n.s.i.n.c.n.NioEventLoop.processSelectedKey(NioEventLoop.java:685)
	at c.a.n.s.i.g.n.s.i.n.c.n.NioEventLoop.processSelectedKeysOptimized(NioEventLoop.java:632)
	at c.a.n.s.i.g.n.s.i.n.c.n.NioEventLoop.processSelectedKeys(NioEventLoop.java:549)
	at c.a.n.s.i.g.n.s.i.n.c.n.NioEventLoop.run(NioEventLoop.java:511)
	at c.a.n.s.i.g.n.s.i.n.u.c.SingleThreadEventExecutor$5.run(SingleThreadEventExecutor.java:918)
	at c.a.n.s.i.g.n.s.i.n.u.i.ThreadExecutorMap$2.run(ThreadExecutorMap.java:74)
	... 2 frames truncated
2024-08-09 15:10:56.318|com.alibaba.nacos.client.remote.worker|ERROR|c.a.n.c.r.c.grpc.GrpcClient.?:?|IGNORE|||||||||||||||||||||||||||||Server check fail, please check server 192.168.71.1 ,port 9848 is available , error ={}
j.u.c.ExecutionException: com.alibaba.nacos.shaded.io.grpc.StatusRuntimeException: UNAVAILABLE: io exception
	at c.a.n.s.c.g.c.u.c.AbstractFuture.getDoneValue(AbstractFuture.java:566)
	at c.a.n.s.c.g.c.u.c.AbstractFuture.get(AbstractFuture.java:445)
	at c.a.n.c.r.c.grpc.GrpcClient.serverCheck(GrpcClient.java:148)
	at c.a.n.c.r.c.grpc.GrpcClient.connectToServer(GrpcClient.java:264)
	at c.a.n.c.r.client.RpcClient.reconnect(RpcClient.java:522)
	at c.a.n.c.r.client.RpcClient.lambda$start$2(RpcClient.java:370)
	at j.u.c.Executors$RunnableAdapter.call(Executors.java:511)
	at j.util.concurrent.FutureTask.run(FutureTask.java:266)
	at j.u.c.ScheduledThreadPoolExecutor$ScheduledFutureTask.access$201(ScheduledThreadPoolExecutor.java:180)
	at j.u.c.ScheduledThreadPoolExecutor$ScheduledFutureTask.run(ScheduledThreadPoolExecutor.java:293)
	... 3 frames truncated
Caused by: c.a.n.s.i.g.StatusRuntimeException: UNAVAILABLE: io exception
	at c.a.n.shaded.io.grpc.Status.asRuntimeException(Status.java:533)
	at c.a.n.s.i.g.s.ClientCalls$UnaryStreamToFuture.onClose(ClientCalls.java:490)
	at c.a.n.s.i.g.PartialForwardingClientCallListener.onClose(PartialForwardingClientCallListener.java:39)
	at c.a.n.s.i.g.ForwardingClientCallListener.onClose(ForwardingClientCallListener.java:23)
	at c.a.n.s.i.g.ForwardingClientCallListener$SimpleForwardingClientCallListener.onClose(ForwardingClientCallListener.java:40)
	at c.a.n.s.i.g.i.CensusStatsModule$StatsClientInterceptor$1$1.onClose(CensusStatsModule.java:700)
	at c.a.n.s.i.g.PartialForwardingClientCallListener.onClose(PartialForwardingClientCallListener.java:39)
	at c.a.n.s.i.g.ForwardingClientCallListener.onClose(ForwardingClientCallListener.java:23)
	at c.a.n.s.i.g.ForwardingClientCallListener$SimpleForwardingClientCallListener.onClose(ForwardingClientCallListener.java:40)
	at c.a.n.s.i.g.i.CensusTracingModule$TracingClientInterceptor$1$1.onClose(CensusTracingModule.java:399)
	... 8 frames truncated
	... 3 common frames omitted
Caused by: c.a.n.s.i.g.n.s.i.n.c.AbstractChannel$AnnotatedConnectException: Connection refused: no further information: /192.168.71.1:9848
Caused by: java.net.ConnectException: Connection refused: no further information
	at sun.nio.ch.SocketChannelImpl.checkConnect(SocketChannelImpl.java)
	at sun.nio.ch.SocketChannelImpl.finishConnect(SocketChannelImpl.java:715)
	at c.a.n.s.i.g.n.s.i.n.c.s.n.NioSocketChannel.doFinishConnect(NioSocketChannel.java:327)
	at c.a.n.s.i.g.n.s.i.n.c.n.AbstractNioChannel$AbstractNioUnsafe.finishConnect(AbstractNioChannel.java:336)
	at c.a.n.s.i.g.n.s.i.n.c.n.NioEventLoop.processSelectedKey(NioEventLoop.java:685)
	at c.a.n.s.i.g.n.s.i.n.c.n.NioEventLoop.processSelectedKeysOptimized(NioEventLoop.java:632)
	at c.a.n.s.i.g.n.s.i.n.c.n.NioEventLoop.processSelectedKeys(NioEventLoop.java:549)
	at c.a.n.s.i.g.n.s.i.n.c.n.NioEventLoop.run(NioEventLoop.java:511)
	at c.a.n.s.i.g.n.s.i.n.u.c.SingleThreadEventExecutor$5.run(SingleThreadEventExecutor.java:918)
	at c.a.n.s.i.g.n.s.i.n.u.i.ThreadExecutorMap$2.run(ThreadExecutorMap.java:74)
	... 2 frames truncated
2024-08-09 15:11:00.068|com.alibaba.nacos.client.remote.worker|ERROR|c.a.n.c.r.c.grpc.GrpcClient.printIfErrorEnabled:99|IGNORE|||||||||||||||||||||||||||||Server check fail, please check server 192.168.71.1 ,port 9848 is available , error ={}
j.u.c.ExecutionException: com.alibaba.nacos.shaded.io.grpc.StatusRuntimeException: UNAVAILABLE: io exception
	at c.a.n.s.c.g.c.u.c.AbstractFuture.getDoneValue(AbstractFuture.java:566)
	at c.a.n.s.c.g.c.u.c.AbstractFuture.get(AbstractFuture.java:445)
	at c.a.n.c.r.c.grpc.GrpcClient.serverCheck(GrpcClient.java:148)
	at c.a.n.c.r.c.grpc.GrpcClient.connectToServer(GrpcClient.java:264)
	at c.a.n.c.r.client.RpcClient.reconnect(RpcClient.java:522)
	at c.a.n.c.r.client.RpcClient.lambda$start$2(RpcClient.java:370)
	at j.u.c.Executors$RunnableAdapter.call(Executors.java:511)
	at j.util.concurrent.FutureTask.run(FutureTask.java:266)
	at j.u.c.ScheduledThreadPoolExecutor$ScheduledFutureTask.access$201(ScheduledThreadPoolExecutor.java:180)
	at j.u.c.ScheduledThreadPoolExecutor$ScheduledFutureTask.run(ScheduledThreadPoolExecutor.java:293)
	... 3 frames truncated
Caused by: c.a.n.s.i.g.StatusRuntimeException: UNAVAILABLE: io exception
	at c.a.n.shaded.io.grpc.Status.asRuntimeException(Status.java:533)
	at c.a.n.s.i.g.s.ClientCalls$UnaryStreamToFuture.onClose(ClientCalls.java:490)
	at c.a.n.s.i.g.PartialForwardingClientCallListener.onClose(PartialForwardingClientCallListener.java:39)
	at c.a.n.s.i.g.ForwardingClientCallListener.onClose(ForwardingClientCallListener.java:23)
	at c.a.n.s.i.g.ForwardingClientCallListener$SimpleForwardingClientCallListener.onClose(ForwardingClientCallListener.java:40)
	at c.a.n.s.i.g.i.CensusStatsModule$StatsClientInterceptor$1$1.onClose(CensusStatsModule.java:700)
	at c.a.n.s.i.g.PartialForwardingClientCallListener.onClose(PartialForwardingClientCallListener.java:39)
	at c.a.n.s.i.g.ForwardingClientCallListener.onClose(ForwardingClientCallListener.java:23)
	at c.a.n.s.i.g.ForwardingClientCallListener$SimpleForwardingClientCallListener.onClose(ForwardingClientCallListener.java:40)
	at c.a.n.s.i.g.i.CensusTracingModule$TracingClientInterceptor$1$1.onClose(CensusTracingModule.java:399)
	... 8 frames truncated
	... 3 common frames omitted
Caused by: c.a.n.s.i.g.n.s.i.n.c.AbstractChannel$AnnotatedConnectException: Connection refused: no further information: /192.168.71.1:9848
Caused by: java.net.ConnectException: Connection refused: no further information
	at sun.nio.ch.SocketChannelImpl.checkConnect(SocketChannelImpl.java)
	at sun.nio.ch.SocketChannelImpl.finishConnect(SocketChannelImpl.java:715)
	at c.a.n.s.i.g.n.s.i.n.c.s.n.NioSocketChannel.doFinishConnect(NioSocketChannel.java:327)
	at c.a.n.s.i.g.n.s.i.n.c.n.AbstractNioChannel$AbstractNioUnsafe.finishConnect(AbstractNioChannel.java:336)
	at c.a.n.s.i.g.n.s.i.n.c.n.NioEventLoop.processSelectedKey(NioEventLoop.java:685)
	at c.a.n.s.i.g.n.s.i.n.c.n.NioEventLoop.processSelectedKeysOptimized(NioEventLoop.java:632)
	at c.a.n.s.i.g.n.s.i.n.c.n.NioEventLoop.processSelectedKeys(NioEventLoop.java:549)
	at c.a.n.s.i.g.n.s.i.n.c.n.NioEventLoop.run(NioEventLoop.java:511)
	at c.a.n.s.i.g.n.s.i.n.u.c.SingleThreadEventExecutor$5.run(SingleThreadEventExecutor.java:918)
	at c.a.n.s.i.g.n.s.i.n.u.i.ThreadExecutorMap$2.run(ThreadExecutorMap.java:74)
	... 2 frames truncated
2024-08-09 15:11:03.901|com.alibaba.nacos.client.remote.worker|ERROR|c.a.n.c.r.c.grpc.GrpcClient.?:?|IGNORE|||||||||||||||||||||||||||||Server check fail, please check server 192.168.71.1 ,port 9848 is available , error ={}
j.u.c.ExecutionException: com.alibaba.nacos.shaded.io.grpc.StatusRuntimeException: UNAVAILABLE: io exception
	at c.a.n.s.c.g.c.u.c.AbstractFuture.getDoneValue(AbstractFuture.java:566)
	at c.a.n.s.c.g.c.u.c.AbstractFuture.get(AbstractFuture.java:445)
	at c.a.n.c.r.c.grpc.GrpcClient.serverCheck(GrpcClient.java:148)
	at c.a.n.c.r.c.grpc.GrpcClient.connectToServer(GrpcClient.java:264)
	at c.a.n.c.r.client.RpcClient.reconnect(RpcClient.java:522)
	at c.a.n.c.r.client.RpcClient.lambda$start$2(RpcClient.java:370)
	at j.u.c.Executors$RunnableAdapter.call(Executors.java:511)
	at j.util.concurrent.FutureTask.run(FutureTask.java:266)
	at j.u.c.ScheduledThreadPoolExecutor$ScheduledFutureTask.access$201(ScheduledThreadPoolExecutor.java:180)
	at j.u.c.ScheduledThreadPoolExecutor$ScheduledFutureTask.run(ScheduledThreadPoolExecutor.java:293)
	... 3 frames truncated
Caused by: c.a.n.s.i.g.StatusRuntimeException: UNAVAILABLE: io exception
	at c.a.n.shaded.io.grpc.Status.asRuntimeException(Status.java:533)
	at c.a.n.s.i.g.s.ClientCalls$UnaryStreamToFuture.onClose(ClientCalls.java:490)
	at c.a.n.s.i.g.PartialForwardingClientCallListener.onClose(PartialForwardingClientCallListener.java:39)
	at c.a.n.s.i.g.ForwardingClientCallListener.onClose(ForwardingClientCallListener.java:23)
	at c.a.n.s.i.g.ForwardingClientCallListener$SimpleForwardingClientCallListener.onClose(ForwardingClientCallListener.java:40)
	at c.a.n.s.i.g.i.CensusStatsModule$StatsClientInterceptor$1$1.onClose(CensusStatsModule.java:700)
	at c.a.n.s.i.g.PartialForwardingClientCallListener.onClose(PartialForwardingClientCallListener.java:39)
	at c.a.n.s.i.g.ForwardingClientCallListener.onClose(ForwardingClientCallListener.java:23)
	at c.a.n.s.i.g.ForwardingClientCallListener$SimpleForwardingClientCallListener.onClose(ForwardingClientCallListener.java:40)
	at c.a.n.s.i.g.i.CensusTracingModule$TracingClientInterceptor$1$1.onClose(CensusTracingModule.java:399)
	... 8 frames truncated
	... 3 common frames omitted
Caused by: c.a.n.s.i.g.n.s.i.n.c.AbstractChannel$AnnotatedConnectException: Connection refused: no further information: /192.168.71.1:9848
Caused by: java.net.ConnectException: Connection refused: no further information
	at sun.nio.ch.SocketChannelImpl.checkConnect(SocketChannelImpl.java)
	at sun.nio.ch.SocketChannelImpl.finishConnect(SocketChannelImpl.java:715)
	at c.a.n.s.i.g.n.s.i.n.c.s.n.NioSocketChannel.doFinishConnect(NioSocketChannel.java:327)
	at c.a.n.s.i.g.n.s.i.n.c.n.AbstractNioChannel$AbstractNioUnsafe.finishConnect(AbstractNioChannel.java:336)
	at c.a.n.s.i.g.n.s.i.n.c.n.NioEventLoop.processSelectedKey(NioEventLoop.java:685)
	at c.a.n.s.i.g.n.s.i.n.c.n.NioEventLoop.processSelectedKeysOptimized(NioEventLoop.java:632)
	at c.a.n.s.i.g.n.s.i.n.c.n.NioEventLoop.processSelectedKeys(NioEventLoop.java:549)
	at c.a.n.s.i.g.n.s.i.n.c.n.NioEventLoop.run(NioEventLoop.java:511)
	at c.a.n.s.i.g.n.s.i.n.u.c.SingleThreadEventExecutor$5.run(SingleThreadEventExecutor.java:918)
	at c.a.n.s.i.g.n.s.i.n.u.i.ThreadExecutorMap$2.run(ThreadExecutorMap.java:74)
	... 2 frames truncated
2024-08-09 15:11:07.854|com.alibaba.nacos.client.remote.worker|ERROR|c.a.n.c.r.c.grpc.GrpcClient.printIfErrorEnabled:99|IGNORE|||||||||||||||||||||||||||||Server check fail, please check server 192.168.71.1 ,port 9848 is available , error ={}
j.u.c.ExecutionException: com.alibaba.nacos.shaded.io.grpc.StatusRuntimeException: UNAVAILABLE: io exception
	at c.a.n.s.c.g.c.u.c.AbstractFuture.getDoneValue(AbstractFuture.java:566)
	at c.a.n.s.c.g.c.u.c.AbstractFuture.get(AbstractFuture.java:445)
	at c.a.n.c.r.c.grpc.GrpcClient.serverCheck(GrpcClient.java:148)
	at c.a.n.c.r.c.grpc.GrpcClient.connectToServer(GrpcClient.java:264)
	at c.a.n.c.r.client.RpcClient.reconnect(RpcClient.java:522)
	at c.a.n.c.r.client.RpcClient.lambda$start$2(RpcClient.java:370)
	at j.u.c.Executors$RunnableAdapter.call(Executors.java:511)
	at j.util.concurrent.FutureTask.run(FutureTask.java:266)
	at j.u.c.ScheduledThreadPoolExecutor$ScheduledFutureTask.access$201(ScheduledThreadPoolExecutor.java:180)
	at j.u.c.ScheduledThreadPoolExecutor$ScheduledFutureTask.run(ScheduledThreadPoolExecutor.java:293)
	... 3 frames truncated
Caused by: c.a.n.s.i.g.StatusRuntimeException: UNAVAILABLE: io exception
	at c.a.n.shaded.io.grpc.Status.asRuntimeException(Status.java:533)
	at c.a.n.s.i.g.s.ClientCalls$UnaryStreamToFuture.onClose(ClientCalls.java:490)
	at c.a.n.s.i.g.PartialForwardingClientCallListener.onClose(PartialForwardingClientCallListener.java:39)
	at c.a.n.s.i.g.ForwardingClientCallListener.onClose(ForwardingClientCallListener.java:23)
	at c.a.n.s.i.g.ForwardingClientCallListener$SimpleForwardingClientCallListener.onClose(ForwardingClientCallListener.java:40)
	at c.a.n.s.i.g.i.CensusStatsModule$StatsClientInterceptor$1$1.onClose(CensusStatsModule.java:700)
	at c.a.n.s.i.g.PartialForwardingClientCallListener.onClose(PartialForwardingClientCallListener.java:39)
	at c.a.n.s.i.g.ForwardingClientCallListener.onClose(ForwardingClientCallListener.java:23)
	at c.a.n.s.i.g.ForwardingClientCallListener$SimpleForwardingClientCallListener.onClose(ForwardingClientCallListener.java:40)
	at c.a.n.s.i.g.i.CensusTracingModule$TracingClientInterceptor$1$1.onClose(CensusTracingModule.java:399)
	... 8 frames truncated
	... 3 common frames omitted
Caused by: c.a.n.s.i.g.n.s.i.n.c.AbstractChannel$AnnotatedConnectException: Connection refused: no further information: /192.168.71.1:9848
Caused by: java.net.ConnectException: Connection refused: no further information
	at sun.nio.ch.SocketChannelImpl.checkConnect(SocketChannelImpl.java)
	at sun.nio.ch.SocketChannelImpl.finishConnect(SocketChannelImpl.java:715)
	at c.a.n.s.i.g.n.s.i.n.c.s.n.NioSocketChannel.doFinishConnect(NioSocketChannel.java:327)
	at c.a.n.s.i.g.n.s.i.n.c.n.AbstractNioChannel$AbstractNioUnsafe.finishConnect(AbstractNioChannel.java:336)
	at c.a.n.s.i.g.n.s.i.n.c.n.NioEventLoop.processSelectedKey(NioEventLoop.java:685)
	at c.a.n.s.i.g.n.s.i.n.c.n.NioEventLoop.processSelectedKeysOptimized(NioEventLoop.java:632)
	at c.a.n.s.i.g.n.s.i.n.c.n.NioEventLoop.processSelectedKeys(NioEventLoop.java:549)
	at c.a.n.s.i.g.n.s.i.n.c.n.NioEventLoop.run(NioEventLoop.java:511)
	at c.a.n.s.i.g.n.s.i.n.u.c.SingleThreadEventExecutor$5.run(SingleThreadEventExecutor.java:918)
	at c.a.n.s.i.g.n.s.i.n.u.i.ThreadExecutorMap$2.run(ThreadExecutorMap.java:74)
	... 2 frames truncated
2024-08-09 15:11:11.906|com.alibaba.nacos.client.remote.worker|ERROR|c.a.n.c.r.c.grpc.GrpcClient.printIfErrorEnabled:99|IGNORE|||||||||||||||||||||||||||||Server check fail, please check server 192.168.71.1 ,port 9848 is available , error ={}
j.u.c.ExecutionException: com.alibaba.nacos.shaded.io.grpc.StatusRuntimeException: UNAVAILABLE: io exception
	at c.a.n.s.c.g.c.u.c.AbstractFuture.getDoneValue(AbstractFuture.java:566)
	at c.a.n.s.c.g.c.u.c.AbstractFuture.get(AbstractFuture.java:445)
	at c.a.n.c.r.c.grpc.GrpcClient.serverCheck(GrpcClient.java:148)
	at c.a.n.c.r.c.grpc.GrpcClient.connectToServer(GrpcClient.java:264)
	at c.a.n.c.r.client.RpcClient.reconnect(RpcClient.java:522)
	at c.a.n.c.r.client.RpcClient.lambda$start$2(RpcClient.java:370)
	at j.u.c.Executors$RunnableAdapter.call(Executors.java:511)
	at j.util.concurrent.FutureTask.run(FutureTask.java:266)
	at j.u.c.ScheduledThreadPoolExecutor$ScheduledFutureTask.access$201(ScheduledThreadPoolExecutor.java:180)
	at j.u.c.ScheduledThreadPoolExecutor$ScheduledFutureTask.run(ScheduledThreadPoolExecutor.java:293)
	... 3 frames truncated
Caused by: c.a.n.s.i.g.StatusRuntimeException: UNAVAILABLE: io exception
	at c.a.n.shaded.io.grpc.Status.asRuntimeException(Status.java:533)
	at c.a.n.s.i.g.s.ClientCalls$UnaryStreamToFuture.onClose(ClientCalls.java:490)
	at c.a.n.s.i.g.PartialForwardingClientCallListener.onClose(PartialForwardingClientCallListener.java:39)
	at c.a.n.s.i.g.ForwardingClientCallListener.onClose(ForwardingClientCallListener.java:23)
	at c.a.n.s.i.g.ForwardingClientCallListener$SimpleForwardingClientCallListener.onClose(ForwardingClientCallListener.java:40)
	at c.a.n.s.i.g.i.CensusStatsModule$StatsClientInterceptor$1$1.onClose(CensusStatsModule.java:700)
	at c.a.n.s.i.g.PartialForwardingClientCallListener.onClose(PartialForwardingClientCallListener.java:39)
	at c.a.n.s.i.g.ForwardingClientCallListener.onClose(ForwardingClientCallListener.java:23)
	at c.a.n.s.i.g.ForwardingClientCallListener$SimpleForwardingClientCallListener.onClose(ForwardingClientCallListener.java:40)
	at c.a.n.s.i.g.i.CensusTracingModule$TracingClientInterceptor$1$1.onClose(CensusTracingModule.java:399)
	... 8 frames truncated
	... 3 common frames omitted
Caused by: c.a.n.s.i.g.n.s.i.n.c.AbstractChannel$AnnotatedConnectException: Connection refused: no further information: /192.168.71.1:9848
Caused by: java.net.ConnectException: Connection refused: no further information
	at sun.nio.ch.SocketChannelImpl.checkConnect(SocketChannelImpl.java)
	at sun.nio.ch.SocketChannelImpl.finishConnect(SocketChannelImpl.java:715)
	at c.a.n.s.i.g.n.s.i.n.c.s.n.NioSocketChannel.doFinishConnect(NioSocketChannel.java:327)
	at c.a.n.s.i.g.n.s.i.n.c.n.AbstractNioChannel$AbstractNioUnsafe.finishConnect(AbstractNioChannel.java:336)
	at c.a.n.s.i.g.n.s.i.n.c.n.NioEventLoop.processSelectedKey(NioEventLoop.java:685)
	at c.a.n.s.i.g.n.s.i.n.c.n.NioEventLoop.processSelectedKeysOptimized(NioEventLoop.java:632)
	at c.a.n.s.i.g.n.s.i.n.c.n.NioEventLoop.processSelectedKeys(NioEventLoop.java:549)
	at c.a.n.s.i.g.n.s.i.n.c.n.NioEventLoop.run(NioEventLoop.java:511)
	at c.a.n.s.i.g.n.s.i.n.u.c.SingleThreadEventExecutor$5.run(SingleThreadEventExecutor.java:918)
	at c.a.n.s.i.g.n.s.i.n.u.i.ThreadExecutorMap$2.run(ThreadExecutorMap.java:74)
	... 2 frames truncated
2024-08-09 15:11:16.040|com.alibaba.nacos.client.remote.worker|ERROR|c.a.n.c.r.c.grpc.GrpcClient.printIfErrorEnabled:99|IGNORE|||||||||||||||||||||||||||||Server check fail, please check server 192.168.71.1 ,port 9848 is available , error ={}
j.u.c.ExecutionException: com.alibaba.nacos.shaded.io.grpc.StatusRuntimeException: UNAVAILABLE: io exception
	at c.a.n.s.c.g.c.u.c.AbstractFuture.getDoneValue(AbstractFuture.java:566)
	at c.a.n.s.c.g.c.u.c.AbstractFuture.get(AbstractFuture.java:445)
	at c.a.n.c.r.c.grpc.GrpcClient.serverCheck(GrpcClient.java:148)
	at c.a.n.c.r.c.grpc.GrpcClient.connectToServer(GrpcClient.java:264)
	at c.a.n.c.r.client.RpcClient.reconnect(RpcClient.java:522)
	at c.a.n.c.r.client.RpcClient.lambda$start$2(RpcClient.java:370)
	at j.u.c.Executors$RunnableAdapter.call(Executors.java:511)
	at j.util.concurrent.FutureTask.run(FutureTask.java:266)
	at j.u.c.ScheduledThreadPoolExecutor$ScheduledFutureTask.access$201(ScheduledThreadPoolExecutor.java:180)
	at j.u.c.ScheduledThreadPoolExecutor$ScheduledFutureTask.run(ScheduledThreadPoolExecutor.java:293)
	... 3 frames truncated
Caused by: c.a.n.s.i.g.StatusRuntimeException: UNAVAILABLE: io exception
	at c.a.n.shaded.io.grpc.Status.asRuntimeException(Status.java:533)
	at c.a.n.s.i.g.s.ClientCalls$UnaryStreamToFuture.onClose(ClientCalls.java:490)
	at c.a.n.s.i.g.PartialForwardingClientCallListener.onClose(PartialForwardingClientCallListener.java:39)
	at c.a.n.s.i.g.ForwardingClientCallListener.onClose(ForwardingClientCallListener.java:23)
	at c.a.n.s.i.g.ForwardingClientCallListener$SimpleForwardingClientCallListener.onClose(ForwardingClientCallListener.java:40)
	at c.a.n.s.i.g.i.CensusStatsModule$StatsClientInterceptor$1$1.onClose(CensusStatsModule.java:700)
	at c.a.n.s.i.g.PartialForwardingClientCallListener.onClose(PartialForwardingClientCallListener.java:39)
	at c.a.n.s.i.g.ForwardingClientCallListener.onClose(ForwardingClientCallListener.java:23)
	at c.a.n.s.i.g.ForwardingClientCallListener$SimpleForwardingClientCallListener.onClose(ForwardingClientCallListener.java:40)
	at c.a.n.s.i.g.i.CensusTracingModule$TracingClientInterceptor$1$1.onClose(CensusTracingModule.java:399)
	... 8 frames truncated
	... 3 common frames omitted
Caused by: c.a.n.s.i.g.n.s.i.n.c.AbstractChannel$AnnotatedConnectException: Connection refused: no further information: /192.168.71.1:9848
Caused by: java.net.ConnectException: Connection refused: no further information
	at sun.nio.ch.SocketChannelImpl.checkConnect(SocketChannelImpl.java)
	at sun.nio.ch.SocketChannelImpl.finishConnect(SocketChannelImpl.java:715)
	at c.a.n.s.i.g.n.s.i.n.c.s.n.NioSocketChannel.doFinishConnect(NioSocketChannel.java:327)
	at c.a.n.s.i.g.n.s.i.n.c.n.AbstractNioChannel$AbstractNioUnsafe.finishConnect(AbstractNioChannel.java:336)
	at c.a.n.s.i.g.n.s.i.n.c.n.NioEventLoop.processSelectedKey(NioEventLoop.java:685)
	at c.a.n.s.i.g.n.s.i.n.c.n.NioEventLoop.processSelectedKeysOptimized(NioEventLoop.java:632)
	at c.a.n.s.i.g.n.s.i.n.c.n.NioEventLoop.processSelectedKeys(NioEventLoop.java:549)
	at c.a.n.s.i.g.n.s.i.n.c.n.NioEventLoop.run(NioEventLoop.java:511)
	at c.a.n.s.i.g.n.s.i.n.u.c.SingleThreadEventExecutor$5.run(SingleThreadEventExecutor.java:918)
	at c.a.n.s.i.g.n.s.i.n.u.i.ThreadExecutorMap$2.run(ThreadExecutorMap.java:74)
	... 2 frames truncated
2024-08-09 15:11:32.675|main|ERROR|o.s.boot.SpringApplication.reportFailure:821|IGNORE|||||||||||||||||||||||||||||Application run failed
o.s.b.f.BeanCreationException: Error creating bean with name 'benefitValidate' defined in file [C:\Users\25538\source\java\share-liteflow\share-liteflow-application\target\classes\com\zyhl\yun\liteflow\application\cmp\BenefitValidateNode.class]: Instantiation of bean failed; nested exception is org.springframework.beans.BeanInstantiationException: Failed to instantiate [com.zyhl.yun.liteflow.application.cmp.BenefitValidateNode]: Constructor threw exception; nested exception is java.lang.NullPointerException
	at o.s.b.f.s.AbstractAutowireCapableBeanFactory.instantiateBean(AbstractAutowireCapableBeanFactory.java:1334)
	at o.s.b.f.s.AbstractAutowireCapableBeanFactory.createBeanInstance(AbstractAutowireCapableBeanFactory.java:1232)
	at o.s.b.f.s.AbstractAutowireCapableBeanFactory.doCreateBean(AbstractAutowireCapableBeanFactory.java:582)
	at o.s.b.f.s.AbstractAutowireCapableBeanFactory.createBean(AbstractAutowireCapableBeanFactory.java:542)
	at o.s.b.f.s.AbstractBeanFactory.lambda$doGetBean$0(AbstractBeanFactory.java:335)
	at o.s.b.f.s.DefaultSingletonBeanRegistry.getSingleton(DefaultSingletonBeanRegistry.java:234)
	at o.s.b.f.s.AbstractBeanFactory.doGetBean(AbstractBeanFactory.java:333)
	at o.s.b.f.s.AbstractBeanFactory.getBean(AbstractBeanFactory.java:208)
	at o.s.b.f.s.DefaultListableBeanFactory.preInstantiateSingletons(DefaultListableBeanFactory.java:955)
	at o.s.c.s.AbstractApplicationContext.finishBeanFactoryInitialization(AbstractApplicationContext.java:920)
	... 6 frames truncated
Caused by: o.s.b.BeanInstantiationException: Failed to instantiate [com.zyhl.yun.liteflow.application.cmp.BenefitValidateNode]: Constructor threw exception; nested exception is java.lang.NullPointerException
	at o.s.beans.BeanUtils.instantiateClass(BeanUtils.java:224)
	at o.s.b.f.s.SimpleInstantiationStrategy.instantiate(SimpleInstantiationStrategy.java:87)
	at o.s.b.f.s.AbstractAutowireCapableBeanFactory.instantiateBean(AbstractAutowireCapableBeanFactory.java:1326)
	... 15 common frames omitted
Caused by: java.lang.NullPointerException: null
	at c.y.l.core.NodeComponent.getSlotIndex(NodeComponent.java:246)
	at c.y.l.core.NodeComponent.getSlot(NodeComponent.java:250)
	at c.y.l.core.NodeComponent.getContextBean(NodeComponent.java:258)
	at c.z.y.l.a.c.BenefitValidateNode.<init>(BenefitValidateNode.java:14)
	at s.r.NativeConstructorAccessorImpl.newInstance0(NativeConstructorAccessorImpl.java)
	at s.r.NativeConstructorAccessorImpl.newInstance(NativeConstructorAccessorImpl.java:62)
	at s.r.DelegatingConstructorAccessorImpl.newInstance(DelegatingConstructorAccessorImpl.java:45)
	at java.lang.reflect.Constructor.newInstance(Constructor.java:423)
	at o.s.beans.BeanUtils.instantiateClass(BeanUtils.java:211)
	... 17 common frames omitted
