2024-08-11 09:49:01.172|http-nio-8081-exec-2|ERROR|c.z.y.l.g.BaseGlobalExceptionHandler.handleHttpMediaTypeNotSupportedException:79|BUSINESS|169.254.125.142||yun|yun-demo-service|/demo/sensitiveText|c0a82da2172334094112110014800||4c8b7e314dd04ac897da914106840637|||||||||||||||||||||Content type 'multipart/form-data;boundary=--------------------------737350057555820855328943;charset=UTF-8' not supported
o.s.w.HttpMediaTypeNotSupportedException: Content type 'multipart/form-data;boundary=--------------------------737350057555820855328943;charset=UTF-8' not supported
	at o.s.w.s.m.m.a.AbstractMessageConverterMethodArgumentResolver.readWithMessageConverters(AbstractMessageConverterMethodArgumentResolver.java:211)
	at o.s.w.s.m.m.a.RequestResponseBodyMethodProcessor.readWithMessageConverters(RequestResponseBodyMethodProcessor.java:160)
	at o.s.w.s.m.m.a.RequestResponseBodyMethodProcessor.resolveArgument(RequestResponseBodyMethodProcessor.java:133)
	at o.s.w.m.s.HandlerMethodArgumentResolverComposite.resolveArgument(HandlerMethodArgumentResolverComposite.java:122)
	at o.s.w.m.s.InvocableHandlerMethod.getMethodArgumentValues(InvocableHandlerMethod.java:179)
	at o.s.w.m.s.InvocableHandlerMethod.invokeForRequest(InvocableHandlerMethod.java:146)
	at o.s.w.s.m.m.a.ServletInvocableHandlerMethod.invokeAndHandle(ServletInvocableHandlerMethod.java:117)
	at o.s.w.s.m.m.a.RequestMappingHandlerAdapter.invokeHandlerMethod(RequestMappingHandlerAdapter.java:895)
	at o.s.w.s.m.m.a.RequestMappingHandlerAdapter.handleInternal(RequestMappingHandlerAdapter.java:808)
	at o.s.w.s.m.m.AbstractHandlerMethodAdapter.handle(AbstractHandlerMethodAdapter.java:87)
	... 43 frames truncated
2024-08-11 09:49:12.781|http-nio-8081-exec-3|ERROR|c.z.y.l.g.BaseGlobalExceptionHandler.?:?|BUSINESS|169.254.125.142||yun|yun-demo-service|/user|c0a82da2172334095277610024800||be634074289f4f0cb9498ff054da50ab|||||||||||||||||||||No handler found for POST /yun/user
o.s.w.s.NoHandlerFoundException: No handler found for POST /yun/user
	at o.s.w.s.DispatcherServlet.noHandlerFound(DispatcherServlet.java:1287)
	at o.s.w.s.DispatcherServlet.doDispatch(DispatcherServlet.java:1050)
	at o.s.w.s.DispatcherServlet.doService(DispatcherServlet.java:965)
	at o.s.w.servlet.FrameworkServlet.processRequest(FrameworkServlet.java:1006)
	at o.s.w.servlet.FrameworkServlet.doPost(FrameworkServlet.java:909)
	at javax.servlet.http.HttpServlet.service(HttpServlet.java:555)
	at o.s.w.servlet.FrameworkServlet.service(FrameworkServlet.java:883)
	at javax.servlet.http.HttpServlet.service(HttpServlet.java:623)
	at o.a.c.c.ApplicationFilterChain.internalDoFilter(ApplicationFilterChain.java:209)
	at o.a.c.c.ApplicationFilterChain.doFilter(ApplicationFilterChain.java:153)
	... 34 frames truncated
2024-08-11 09:50:16.562|http-nio-8081-exec-6|ERROR|c.z.y.l.g.BaseGlobalExceptionHandler.?:?|BUSINESS|169.254.125.142||yun|yun-demo-service|/user/userGet|c0a82da2172334101655810034800||9ad2295a573f4a7b9011aa8fadfe4b6b|||||||||||||||||||||No handler found for POST /yun/user/userGet
o.s.w.s.NoHandlerFoundException: No handler found for POST /yun/user/userGet
	at o.s.w.s.DispatcherServlet.noHandlerFound(DispatcherServlet.java:1287)
	at o.s.w.s.DispatcherServlet.doDispatch(DispatcherServlet.java:1050)
	at o.s.w.s.DispatcherServlet.doService(DispatcherServlet.java:965)
	at o.s.w.servlet.FrameworkServlet.processRequest(FrameworkServlet.java:1006)
	at o.s.w.servlet.FrameworkServlet.doPost(FrameworkServlet.java:909)
	at javax.servlet.http.HttpServlet.service(HttpServlet.java:555)
	at o.s.w.servlet.FrameworkServlet.service(FrameworkServlet.java:883)
	at javax.servlet.http.HttpServlet.service(HttpServlet.java:623)
	at o.a.c.c.ApplicationFilterChain.internalDoFilter(ApplicationFilterChain.java:209)
	at o.a.c.c.ApplicationFilterChain.doFilter(ApplicationFilterChain.java:153)
	... 34 frames truncated
2024-08-11 09:53:09.388|http-nio-8081-exec-2|ERROR|c.z.y.l.g.BaseGlobalExceptionHandler.?:?|BUSINESS|169.254.125.142||yun|yun-demo-service|/user/userGet|c0a82da21723341189345100118524||d40724d58c084aa7b6aad9fb72293221|||||||||||||||||||||No handler found for POST /yun/user/userGet
o.s.w.s.NoHandlerFoundException: No handler found for POST /yun/user/userGet
	at o.s.w.s.DispatcherServlet.noHandlerFound(DispatcherServlet.java:1287)
	at o.s.w.s.DispatcherServlet.doDispatch(DispatcherServlet.java:1050)
	at o.s.w.s.DispatcherServlet.doService(DispatcherServlet.java:965)
	at o.s.w.servlet.FrameworkServlet.processRequest(FrameworkServlet.java:1006)
	at o.s.w.servlet.FrameworkServlet.doPost(FrameworkServlet.java:909)
	at javax.servlet.http.HttpServlet.service(HttpServlet.java:555)
	at o.s.w.servlet.FrameworkServlet.service(FrameworkServlet.java:883)
	at javax.servlet.http.HttpServlet.service(HttpServlet.java:623)
	at o.a.c.c.ApplicationFilterChain.internalDoFilter(ApplicationFilterChain.java:209)
	at o.a.c.c.ApplicationFilterChain.doFilter(ApplicationFilterChain.java:153)
	... 34 frames truncated
2024-08-11 09:54:22.770|http-nio-8081-exec-6|ERROR|c.z.y.l.g.BaseGlobalExceptionHandler.?:?|BUSINESS|169.254.125.142||yun|yun-demo-service|/user/getUser/fwf|c0a82da21723341262768100218524||2104014f9d844d1e9d8c87e3979a5b53|||||||||||||||||||||No handler found for GET /yun/user/getUser/fwf
o.s.w.s.NoHandlerFoundException: No handler found for GET /yun/user/getUser/fwf
	at o.s.w.s.DispatcherServlet.noHandlerFound(DispatcherServlet.java:1287)
	at o.s.w.s.DispatcherServlet.doDispatch(DispatcherServlet.java:1050)
	at o.s.w.s.DispatcherServlet.doService(DispatcherServlet.java:965)
	at o.s.w.servlet.FrameworkServlet.processRequest(FrameworkServlet.java:1006)
	at o.s.w.servlet.FrameworkServlet.doGet(FrameworkServlet.java:898)
	at javax.servlet.http.HttpServlet.service(HttpServlet.java:529)
	at o.s.w.servlet.FrameworkServlet.service(FrameworkServlet.java:883)
	at javax.servlet.http.HttpServlet.service(HttpServlet.java:623)
	at o.a.c.c.ApplicationFilterChain.internalDoFilter(ApplicationFilterChain.java:209)
	at o.a.c.c.ApplicationFilterChain.doFilter(ApplicationFilterChain.java:153)
	... 34 frames truncated
2024-08-11 09:54:41.055|http-nio-8081-exec-7|ERROR|c.z.y.l.g.BaseGlobalExceptionHandler.?:?|BUSINESS|169.254.125.142||yun|yun-demo-service|/user/getUser/userDomainId="aaa"|c0a82da21723341281053100318524||b8924cdbaafd437e8c7db14812a92332|||||||||||||||||||||No handler found for GET /yun/user/getUser/userDomainId=%22aaa%22
o.s.w.s.NoHandlerFoundException: No handler found for GET /yun/user/getUser/userDomainId=%22aaa%22
	at o.s.w.s.DispatcherServlet.noHandlerFound(DispatcherServlet.java:1287)
	at o.s.w.s.DispatcherServlet.doDispatch(DispatcherServlet.java:1050)
	at o.s.w.s.DispatcherServlet.doService(DispatcherServlet.java:965)
	at o.s.w.servlet.FrameworkServlet.processRequest(FrameworkServlet.java:1006)
	at o.s.w.servlet.FrameworkServlet.doGet(FrameworkServlet.java:898)
	at javax.servlet.http.HttpServlet.service(HttpServlet.java:529)
	at o.s.w.servlet.FrameworkServlet.service(FrameworkServlet.java:883)
	at javax.servlet.http.HttpServlet.service(HttpServlet.java:623)
	at o.a.c.c.ApplicationFilterChain.internalDoFilter(ApplicationFilterChain.java:209)
	at o.a.c.c.ApplicationFilterChain.doFilter(ApplicationFilterChain.java:153)
	... 34 frames truncated
2024-08-11 09:55:10.815|http-nio-8081-exec-10|ERROR|c.z.y.l.g.BaseGlobalExceptionHandler.?:?|BUSINESS|169.254.125.142||yun|yun-demo-service|/yun/user/userGet|c0a82da21723341310810100418524||6dcc2c6fc33944b7be8b197cb0f968c9|||||||||||||||||||||Request method 'GET' not supported
o.s.w.HttpRequestMethodNotSupportedException: Request method 'GET' not supported
	at o.s.w.s.m.m.RequestMappingInfoHandlerMapping.handleNoMatch(RequestMappingInfoHandlerMapping.java:260)
	at o.s.w.s.h.AbstractHandlerMethodMapping.lookupHandlerMethod(AbstractHandlerMethodMapping.java:442)
	at o.s.w.s.h.AbstractHandlerMethodMapping.getHandlerInternal(AbstractHandlerMethodMapping.java:383)
	at o.s.w.s.m.m.RequestMappingInfoHandlerMapping.getHandlerInternal(RequestMappingInfoHandlerMapping.java:125)
	at o.s.w.s.m.m.RequestMappingInfoHandlerMapping.getHandlerInternal(RequestMappingInfoHandlerMapping.java:67)
	at o.s.w.s.h.AbstractHandlerMapping.getHandler(AbstractHandlerMapping.java:498)
	at o.s.w.s.DispatcherServlet.getHandler(DispatcherServlet.java:1266)
	at o.s.w.s.DispatcherServlet.doDispatch(DispatcherServlet.java:1048)
	at o.s.w.s.DispatcherServlet.doService(DispatcherServlet.java:965)
	at o.s.w.servlet.FrameworkServlet.processRequest(FrameworkServlet.java:1006)
	... 40 frames truncated
2024-08-11 09:55:19.121|http-nio-8081-exec-1|ERROR|c.z.y.l.g.BaseGlobalExceptionHandler.?:?|BUSINESS|169.254.125.142||yun|yun-demo-service|/yun|c0a82da21723341319117100518524||9134043d5bb64f4b94d238ad092b0a5e|||||||||||||||||||||No handler found for GET /yun/yun
o.s.w.s.NoHandlerFoundException: No handler found for GET /yun/yun
	at o.s.w.s.DispatcherServlet.noHandlerFound(DispatcherServlet.java:1287)
	at o.s.w.s.DispatcherServlet.doDispatch(DispatcherServlet.java:1050)
	at o.s.w.s.DispatcherServlet.doService(DispatcherServlet.java:965)
	at o.s.w.servlet.FrameworkServlet.processRequest(FrameworkServlet.java:1006)
	at o.s.w.servlet.FrameworkServlet.doGet(FrameworkServlet.java:898)
	at javax.servlet.http.HttpServlet.service(HttpServlet.java:529)
	at o.s.w.servlet.FrameworkServlet.service(FrameworkServlet.java:883)
	at javax.servlet.http.HttpServlet.service(HttpServlet.java:623)
	at o.a.c.c.ApplicationFilterChain.internalDoFilter(ApplicationFilterChain.java:209)
	at o.a.c.c.ApplicationFilterChain.doFilter(ApplicationFilterChain.java:153)
	... 34 frames truncated
2024-08-11 09:55:24.248|http-nio-8081-exec-2|ERROR|c.z.y.l.g.BaseGlobalExceptionHandler.?:?|BUSINESS|169.254.125.142||yun|yun-demo-service|/yun/user/userGet|c0a82da21723341324244100618524||7d4485d950444be4807a32e627ddc82f|||||||||||||||||||||Request method 'GET' not supported
o.s.w.HttpRequestMethodNotSupportedException: Request method 'GET' not supported
	at o.s.w.s.m.m.RequestMappingInfoHandlerMapping.handleNoMatch(RequestMappingInfoHandlerMapping.java:260)
	at o.s.w.s.h.AbstractHandlerMethodMapping.lookupHandlerMethod(AbstractHandlerMethodMapping.java:442)
	at o.s.w.s.h.AbstractHandlerMethodMapping.getHandlerInternal(AbstractHandlerMethodMapping.java:383)
	at o.s.w.s.m.m.RequestMappingInfoHandlerMapping.getHandlerInternal(RequestMappingInfoHandlerMapping.java:125)
	at o.s.w.s.m.m.RequestMappingInfoHandlerMapping.getHandlerInternal(RequestMappingInfoHandlerMapping.java:67)
	at o.s.w.s.h.AbstractHandlerMapping.getHandler(AbstractHandlerMapping.java:498)
	at o.s.w.s.DispatcherServlet.getHandler(DispatcherServlet.java:1266)
	at o.s.w.s.DispatcherServlet.doDispatch(DispatcherServlet.java:1048)
	at o.s.w.s.DispatcherServlet.doService(DispatcherServlet.java:965)
	at o.s.w.servlet.FrameworkServlet.processRequest(FrameworkServlet.java:1006)
	... 40 frames truncated
2024-08-11 09:58:08.165|http-nio-8081-exec-6|ERROR|c.z.y.l.g.BaseGlobalExceptionHandler.?:?|BUSINESS|169.254.125.142||yun|yun-demo-service|/userGet|c0a82da21723341488160100718524||ba548ad19a934b4b8d7f128e67f39874|||||||||||||||||||||No handler found for GET /yun/userGet
o.s.w.s.NoHandlerFoundException: No handler found for GET /yun/userGet
	at o.s.w.s.DispatcherServlet.noHandlerFound(DispatcherServlet.java:1287)
	at o.s.w.s.DispatcherServlet.doDispatch(DispatcherServlet.java:1050)
	at o.s.w.s.DispatcherServlet.doService(DispatcherServlet.java:965)
	at o.s.w.servlet.FrameworkServlet.processRequest(FrameworkServlet.java:1006)
	at o.s.w.servlet.FrameworkServlet.doGet(FrameworkServlet.java:898)
	at javax.servlet.http.HttpServlet.service(HttpServlet.java:529)
	at o.s.w.servlet.FrameworkServlet.service(FrameworkServlet.java:883)
	at javax.servlet.http.HttpServlet.service(HttpServlet.java:623)
	at o.a.c.c.ApplicationFilterChain.internalDoFilter(ApplicationFilterChain.java:209)
	at o.a.c.c.ApplicationFilterChain.doFilter(ApplicationFilterChain.java:153)
	... 34 frames truncated
2024-08-11 09:58:46.270|http-nio-8081-exec-7|ERROR|c.z.y.l.g.BaseGlobalExceptionHandler.?:?|BUSINESS|169.254.125.142||yun|yun-demo-service|/userGet|c0a82da21723341526266100818524||36a7c94a1ec34eb9a99dec3b6c9e12f2|||||||||||||||||||||No handler found for GET /yun/userGet
o.s.w.s.NoHandlerFoundException: No handler found for GET /yun/userGet
	at o.s.w.s.DispatcherServlet.noHandlerFound(DispatcherServlet.java:1287)
	at o.s.w.s.DispatcherServlet.doDispatch(DispatcherServlet.java:1050)
	at o.s.w.s.DispatcherServlet.doService(DispatcherServlet.java:965)
	at o.s.w.servlet.FrameworkServlet.processRequest(FrameworkServlet.java:1006)
	at o.s.w.servlet.FrameworkServlet.doGet(FrameworkServlet.java:898)
	at javax.servlet.http.HttpServlet.service(HttpServlet.java:529)
	at o.s.w.servlet.FrameworkServlet.service(FrameworkServlet.java:883)
	at javax.servlet.http.HttpServlet.service(HttpServlet.java:623)
	at o.a.c.c.ApplicationFilterChain.internalDoFilter(ApplicationFilterChain.java:209)
	at o.a.c.c.ApplicationFilterChain.doFilter(ApplicationFilterChain.java:153)
	... 34 frames truncated
2024-08-11 09:59:49.111|http-nio-8081-exec-10|ERROR|c.z.y.l.g.BaseGlobalExceptionHandler.?:?|BUSINESS|169.254.125.142||yun|yun-demo-service|/userGet|c0a82da21723341589107100918524||6b4b798c1cb0441482d79deffca1e60f|||||||||||||||||||||No handler found for POST /yun/userGet
o.s.w.s.NoHandlerFoundException: No handler found for POST /yun/userGet
	at o.s.w.s.DispatcherServlet.noHandlerFound(DispatcherServlet.java:1287)
	at o.s.w.s.DispatcherServlet.doDispatch(DispatcherServlet.java:1050)
	at o.s.w.s.DispatcherServlet.doService(DispatcherServlet.java:965)
	at o.s.w.servlet.FrameworkServlet.processRequest(FrameworkServlet.java:1006)
	at o.s.w.servlet.FrameworkServlet.doPost(FrameworkServlet.java:909)
	at javax.servlet.http.HttpServlet.service(HttpServlet.java:555)
	at o.s.w.servlet.FrameworkServlet.service(FrameworkServlet.java:883)
	at javax.servlet.http.HttpServlet.service(HttpServlet.java:623)
	at o.a.c.c.ApplicationFilterChain.internalDoFilter(ApplicationFilterChain.java:209)
	at o.a.c.c.ApplicationFilterChain.doFilter(ApplicationFilterChain.java:153)
	... 34 frames truncated
2024-08-11 09:59:56.828|http-nio-8081-exec-1|ERROR|c.z.y.l.g.BaseGlobalExceptionHandler.?:?|BUSINESS|169.254.125.142||yun|yun-demo-service|/user/userGet|c0a82da21723341596825101018524||ce723fd79db14be2b0fc707633f40a1e|||||||||||||||||||||No handler found for POST /yun/user/userGet
o.s.w.s.NoHandlerFoundException: No handler found for POST /yun/user/userGet
	at o.s.w.s.DispatcherServlet.noHandlerFound(DispatcherServlet.java:1287)
	at o.s.w.s.DispatcherServlet.doDispatch(DispatcherServlet.java:1050)
	at o.s.w.s.DispatcherServlet.doService(DispatcherServlet.java:965)
	at o.s.w.servlet.FrameworkServlet.processRequest(FrameworkServlet.java:1006)
	at o.s.w.servlet.FrameworkServlet.doPost(FrameworkServlet.java:909)
	at javax.servlet.http.HttpServlet.service(HttpServlet.java:555)
	at o.s.w.servlet.FrameworkServlet.service(FrameworkServlet.java:883)
	at javax.servlet.http.HttpServlet.service(HttpServlet.java:623)
	at o.a.c.c.ApplicationFilterChain.internalDoFilter(ApplicationFilterChain.java:209)
	at o.a.c.c.ApplicationFilterChain.doFilter(ApplicationFilterChain.java:153)
	... 34 frames truncated
2024-08-11 10:00:29.458|http-nio-8081-exec-2|ERROR|c.z.y.l.g.BaseGlobalExceptionHandler.?:?|BUSINESS|169.254.125.142||yun|yun-demo-service|/user/userGet|c0a82da21723341629457101118524||ab294d78341f40d796637c3e31fc9336|||||||||||||||||||||No handler found for POST /yun/user/userGet
o.s.w.s.NoHandlerFoundException: No handler found for POST /yun/user/userGet
	at o.s.w.s.DispatcherServlet.noHandlerFound(DispatcherServlet.java:1287)
	at o.s.w.s.DispatcherServlet.doDispatch(DispatcherServlet.java:1050)
	at o.s.w.s.DispatcherServlet.doService(DispatcherServlet.java:965)
	at o.s.w.servlet.FrameworkServlet.processRequest(FrameworkServlet.java:1006)
	at o.s.w.servlet.FrameworkServlet.doPost(FrameworkServlet.java:909)
	at javax.servlet.http.HttpServlet.service(HttpServlet.java:555)
	at o.s.w.servlet.FrameworkServlet.service(FrameworkServlet.java:883)
	at javax.servlet.http.HttpServlet.service(HttpServlet.java:623)
	at o.a.c.c.ApplicationFilterChain.internalDoFilter(ApplicationFilterChain.java:209)
	at o.a.c.c.ApplicationFilterChain.doFilter(ApplicationFilterChain.java:153)
	... 34 frames truncated
2024-08-11 10:00:38.923|http-nio-8081-exec-3|ERROR|c.z.y.l.g.BaseGlobalExceptionHandler.?:?|BUSINESS|169.254.125.142||yun|yun-demo-service|/user/userGet|c0a82da21723341638921101218524||c6e749d36f7f408b80a9819eadda04bb|||||||||||||||||||||No handler found for POST /yun/user/userGet
o.s.w.s.NoHandlerFoundException: No handler found for POST /yun/user/userGet
	at o.s.w.s.DispatcherServlet.noHandlerFound(DispatcherServlet.java:1287)
	at o.s.w.s.DispatcherServlet.doDispatch(DispatcherServlet.java:1050)
	at o.s.w.s.DispatcherServlet.doService(DispatcherServlet.java:965)
	at o.s.w.servlet.FrameworkServlet.processRequest(FrameworkServlet.java:1006)
	at o.s.w.servlet.FrameworkServlet.doPost(FrameworkServlet.java:909)
	at javax.servlet.http.HttpServlet.service(HttpServlet.java:555)
	at o.s.w.servlet.FrameworkServlet.service(FrameworkServlet.java:883)
	at javax.servlet.http.HttpServlet.service(HttpServlet.java:623)
	at o.a.c.c.ApplicationFilterChain.internalDoFilter(ApplicationFilterChain.java:209)
	at o.a.c.c.ApplicationFilterChain.doFilter(ApplicationFilterChain.java:153)
	... 34 frames truncated
2024-08-11 10:04:52.974|main-thread-0|ERROR|c.z.y.l.e.s.i.UserInfoServiceImpl.?:?|IGNORE|||||||||||||||||||||||||||||null
2024-08-11 10:05:00.369|main-thread-0|ERROR|c.z.y.l.e.s.i.FileInfoServiceImpl.queryFileInfo:41|IGNORE|||||||||||||||||||||||||||||file-server executing POST http://file-server/yun/file/get
2024-08-11 10:05:01.354|http-nio-8081-exec-4|ERROR|c.z.y.l.g.BaseGlobalExceptionHandler.?:?|BUSINESS|169.254.125.142||yun|yun-demo-service|/user/userGet|c0a82da21723341901333100114348||650922948895452b98f6a34b9fd7566e|||||||||||||||||||||No handler found for POST /yun/user/userGet
o.s.w.s.NoHandlerFoundException: No handler found for POST /yun/user/userGet
	at o.s.w.s.DispatcherServlet.noHandlerFound(DispatcherServlet.java:1287)
	at o.s.w.s.DispatcherServlet.doDispatch(DispatcherServlet.java:1050)
	at o.s.w.s.DispatcherServlet.doService(DispatcherServlet.java:965)
	at o.s.w.servlet.FrameworkServlet.processRequest(FrameworkServlet.java:1006)
	at o.s.w.servlet.FrameworkServlet.doPost(FrameworkServlet.java:909)
	at javax.servlet.http.HttpServlet.service(HttpServlet.java:555)
	at o.s.w.servlet.FrameworkServlet.service(FrameworkServlet.java:883)
	at javax.servlet.http.HttpServlet.service(HttpServlet.java:623)
	at o.a.c.c.ApplicationFilterChain.internalDoFilter(ApplicationFilterChain.java:209)
	at o.a.c.c.ApplicationFilterChain.doFilter(ApplicationFilterChain.java:153)
	... 34 frames truncated
2024-08-11 10:05:03.281|http-nio-8081-exec-3|ERROR|c.z.y.l.g.BaseGlobalExceptionHandler.handleNoHandlerFoundException:97|BUSINESS|169.254.125.142||yun|yun-demo-service|/user/userGet|c0a82da21723341903280100214348||b780f958b44049738ca73873d4b72ab7|||||||||||||||||||||No handler found for POST /yun/user/userGet
o.s.w.s.NoHandlerFoundException: No handler found for POST /yun/user/userGet
	at o.s.w.s.DispatcherServlet.noHandlerFound(DispatcherServlet.java:1287)
	at o.s.w.s.DispatcherServlet.doDispatch(DispatcherServlet.java:1050)
	at o.s.w.s.DispatcherServlet.doService(DispatcherServlet.java:965)
	at o.s.w.servlet.FrameworkServlet.processRequest(FrameworkServlet.java:1006)
	at o.s.w.servlet.FrameworkServlet.doPost(FrameworkServlet.java:909)
	at javax.servlet.http.HttpServlet.service(HttpServlet.java:555)
	at o.s.w.servlet.FrameworkServlet.service(FrameworkServlet.java:883)
	at javax.servlet.http.HttpServlet.service(HttpServlet.java:623)
	at o.a.c.c.ApplicationFilterChain.internalDoFilter(ApplicationFilterChain.java:209)
	at o.a.c.c.ApplicationFilterChain.doFilter(ApplicationFilterChain.java:153)
	... 34 frames truncated
2024-08-11 10:05:10.595|http-nio-8081-exec-2|ERROR|c.z.y.l.g.BaseGlobalExceptionHandler.?:?|BUSINESS|169.254.125.142||yun|yun-demo-service|/user/userGet|c0a82da21723341910580100314348||7a778b0a6d424e4493e078d19c0faaef|||||||||||||||||||||No handler found for POST /yun/user/userGet
o.s.w.s.NoHandlerFoundException: No handler found for POST /yun/user/userGet
	at o.s.w.s.DispatcherServlet.noHandlerFound(DispatcherServlet.java:1287)
	at o.s.w.s.DispatcherServlet.doDispatch(DispatcherServlet.java:1050)
	at o.s.w.s.DispatcherServlet.doService(DispatcherServlet.java:965)
	at o.s.w.servlet.FrameworkServlet.processRequest(FrameworkServlet.java:1006)
	at o.s.w.servlet.FrameworkServlet.doPost(FrameworkServlet.java:909)
	at javax.servlet.http.HttpServlet.service(HttpServlet.java:555)
	at o.s.w.servlet.FrameworkServlet.service(FrameworkServlet.java:883)
	at javax.servlet.http.HttpServlet.service(HttpServlet.java:623)
	at o.a.c.c.ApplicationFilterChain.internalDoFilter(ApplicationFilterChain.java:209)
	at o.a.c.c.ApplicationFilterChain.doFilter(ApplicationFilterChain.java:153)
	... 34 frames truncated
2024-08-11 10:05:17.014|http-nio-8081-exec-5|ERROR|c.z.y.l.g.BaseGlobalExceptionHandler.?:?|BUSINESS|169.254.125.142||yun|yun-demo-service|/user/userGet|c0a82da21723341917010100414348||c8fd40e2842b40f1a8255ae988c4f215|||||||||||||||||||||No handler found for GET /yun/user/userGet
o.s.w.s.NoHandlerFoundException: No handler found for GET /yun/user/userGet
	at o.s.w.s.DispatcherServlet.noHandlerFound(DispatcherServlet.java:1287)
	at o.s.w.s.DispatcherServlet.doDispatch(DispatcherServlet.java:1050)
	at o.s.w.s.DispatcherServlet.doService(DispatcherServlet.java:965)
	at o.s.w.servlet.FrameworkServlet.processRequest(FrameworkServlet.java:1006)
	at o.s.w.servlet.FrameworkServlet.doGet(FrameworkServlet.java:898)
	at javax.servlet.http.HttpServlet.service(HttpServlet.java:529)
	at o.s.w.servlet.FrameworkServlet.service(FrameworkServlet.java:883)
	at javax.servlet.http.HttpServlet.service(HttpServlet.java:623)
	at o.a.c.c.ApplicationFilterChain.internalDoFilter(ApplicationFilterChain.java:209)
	at o.a.c.c.ApplicationFilterChain.doFilter(ApplicationFilterChain.java:153)
	... 34 frames truncated
2024-08-11 10:05:21.575|http-nio-8081-exec-6|ERROR|c.z.y.l.g.BaseGlobalExceptionHandler.?:?|BUSINESS|169.254.125.142||yun|yun-demo-service|/user/userGet|c0a82da21723341921574100514348||fcecd36af0d3407ea7f1f7deb93201b5|||||||||||||||||||||No handler found for GET /yun/user/userGet
o.s.w.s.NoHandlerFoundException: No handler found for GET /yun/user/userGet
	at o.s.w.s.DispatcherServlet.noHandlerFound(DispatcherServlet.java:1287)
	at o.s.w.s.DispatcherServlet.doDispatch(DispatcherServlet.java:1050)
	at o.s.w.s.DispatcherServlet.doService(DispatcherServlet.java:965)
	at o.s.w.servlet.FrameworkServlet.processRequest(FrameworkServlet.java:1006)
	at o.s.w.servlet.FrameworkServlet.doGet(FrameworkServlet.java:898)
	at javax.servlet.http.HttpServlet.service(HttpServlet.java:529)
	at o.s.w.servlet.FrameworkServlet.service(FrameworkServlet.java:883)
	at javax.servlet.http.HttpServlet.service(HttpServlet.java:623)
	at o.a.c.c.ApplicationFilterChain.internalDoFilter(ApplicationFilterChain.java:209)
	at o.a.c.c.ApplicationFilterChain.doFilter(ApplicationFilterChain.java:153)
	... 34 frames truncated
2024-08-11 10:07:21.685|main-thread-0|ERROR|c.z.y.l.e.s.i.UserInfoServiceImpl.getUserDomainEntity:60|IGNORE|||||||||||||||||||||||||||||null
2024-08-11 10:07:29.044|main-thread-0|ERROR|c.z.y.l.e.s.i.FileInfoServiceImpl.queryFileInfo:41|IGNORE|||||||||||||||||||||||||||||file-server executing POST http://file-server/yun/file/get
2024-08-11 10:08:56.098|main-thread-0|ERROR|c.z.y.l.e.s.i.UserInfoServiceImpl.getUserDomainEntity:60|IGNORE|||||||||||||||||||||||||||||null
2024-08-11 10:09:03.484|main-thread-0|ERROR|c.z.y.l.e.s.i.FileInfoServiceImpl.queryFileInfo:41|IGNORE|||||||||||||||||||||||||||||file-server executing POST http://file-server/yun/file/get
2024-08-11 10:10:13.177|main-thread-0|ERROR|c.z.y.l.e.s.i.UserInfoServiceImpl.?:?|BUSINESS|||||||||||200|1723342213164|1723342213177|13||||||||||0000|||||null
2024-08-11 10:10:20.533|main-thread-0|ERROR|c.z.y.l.e.s.i.FileInfoServiceImpl.queryFileInfo:41|BUSINESS|||||||||||200|1723342213164|1723342213177|13||||||||||0000|||||file-server executing POST http://file-server/yun/file/get
2024-08-11 10:13:55.538|main-thread-0|ERROR|c.z.y.l.a.cmp.UserInfoNode.?:?|IGNORE|||||||||||||||||||||||||||||需要输入0或1
j.util.InputMismatchException: null
	at java.util.Scanner.throwFor(Scanner.java:864)
	at java.util.Scanner.next(Scanner.java:1485)
	at java.util.Scanner.nextInt(Scanner.java:2117)
	at java.util.Scanner.nextInt(Scanner.java:2076)
	at c.z.y.l.a.cmp.UserInfoNode.process(UserInfoNode.java:37)
	at c.y.l.core.NodeComponent.execute(NodeComponent.java:108)
	at c.y.l.f.executor.NodeExecutor.execute(NodeExecutor.java:32)
	at c.y.l.f.e.DefaultNodeExecutor.execute(DefaultNodeExecutor.java:15)
	at c.y.liteflow.flow.element.Node.execute(Node.java:154)
	at c.y.l.f.e.c.ThenCondition.executeCondition(ThenCondition.java:44)
	... 11 frames truncated
2024-08-11 10:14:30.872|main-thread-0|ERROR|c.z.y.l.e.s.i.FileInfoServiceImpl.queryFileInfo:41|BUSINESS|||||||||||200|1723342463528|1723342463540|12||||||||||0000|||||file-server executing POST http://file-server/yun/file/get
2024-08-11 10:16:47.274|main-thread-0|ERROR|c.z.y.l.e.s.i.FileInfoServiceImpl.?:?|BUSINESS|||||||||||200|1723342599906|1723342599918|12||||||||||0000|||||file-server executing POST http://file-server/yun/file/get
2024-08-11 10:19:56.434|main-thread-0|ERROR|c.z.y.l.e.s.i.FileInfoServiceImpl.queryFileInfo:41|BUSINESS|||||||||||200|1723342789073|1723342789085|12||||||||||0000|||||file-server executing POST http://file-server/yun/file/get
