2024-08-10 16:39:33.041|background-preinit|INFO |o.h.v.internal.util.Version.?:?|IGNORE|||||||||||||||||||||||||||||HV000001: Hibernate Validator 6.2.5.Final
2024-08-10 16:39:33.065|main|INFO |c.z.yun.liteflow.Application.logStarting:55|IGNORE|||||||||||||||||||||||||||||Starting Application using Java 1.8.0_421 on DESKTOP-0D3FQF2 with PID 2056 (C:\Users\25538\source\java\share-liteflow\share-liteflow-web\target\classes started by 25538 in C:\Users\25538\source\java\share-liteflow)
2024-08-10 16:39:33.066|main|INFO |c.z.yun.liteflow.Application.logStartupProfileInfo:637|IGNORE|||||||||||||||||||||||||||||The following 1 profile is active: "local"
2024-08-10 16:39:33.142|main|WARN |c.a.c.n.c.NacosConfigDataLoader.?:?|IGNORE|||||||||||||||||||||||||||||[Nacos Config] config[dataId=redis-local.yml, group=yun-demo-service] is empty
2024-08-10 16:39:33.143|main|WARN |c.a.c.n.c.NacosConfigDataLoader.logTo:258|IGNORE|||||||||||||||||||||||||||||[Nacos Config] config[dataId=feign-local.yml, group=yun-demo-service] is empty
2024-08-10 16:39:33.143|main|WARN |c.a.c.n.c.NacosConfigDataLoader.logTo:258|IGNORE|||||||||||||||||||||||||||||[Nacos Config] config[dataId=mysql-local.yml, group=yun-demo-service] is empty
2024-08-10 16:39:34.156|main|INFO |o.s.c.a.ConfigurationClassPostProcessor.enhanceConfigurationClasses:426|IGNORE|||||||||||||||||||||||||||||Cannot enhance @Configuration bean definition 'com.yomahub.liteflow.springboot.config.LiteflowMainAutoConfiguration' since its singleton instance has been created too early. The typical cause is a non-static @Bean method with a BeanDefinitionRegistryPostProcessor return type: Consider declaring such methods as 'static'.
2024-08-10 16:39:34.218|main|INFO |o.s.c.c.scope.GenericScope.setSerializationId:283|IGNORE|||||||||||||||||||||||||||||BeanFactory id=263e941b-fefe-3ba8-94f8-f544a25812f1
2024-08-10 16:39:34.463|main|INFO |o.s.c.s.PostProcessorRegistrationDelegate$BeanPostProcessorChecker.?:?|IGNORE|||||||||||||||||||||||||||||Bean 'com.yomahub.liteflow.springboot.config.LiteflowPropertyAutoConfiguration' of type [com.yomahub.liteflow.springboot.config.LiteflowPropertyAutoConfiguration$$EnhancerBySpringCGLIB$$e0f5aa76] is not eligible for getting processed by all BeanPostProcessors (for example: not eligible for auto-proxying)
2024-08-10 16:39:34.476|main|INFO |o.s.c.s.PostProcessorRegistrationDelegate$BeanPostProcessorChecker.?:?|IGNORE|||||||||||||||||||||||||||||Bean 'org.springframework.cloud.commons.config.CommonsConfigAutoConfiguration' of type [org.springframework.cloud.commons.config.CommonsConfigAutoConfiguration] is not eligible for getting processed by all BeanPostProcessors (for example: not eligible for auto-proxying)
2024-08-10 16:39:34.479|main|INFO |o.s.c.s.PostProcessorRegistrationDelegate$BeanPostProcessorChecker.?:?|IGNORE|||||||||||||||||||||||||||||Bean 'org.springframework.cloud.client.loadbalancer.LoadBalancerDefaultMappingsProviderAutoConfiguration' of type [org.springframework.cloud.client.loadbalancer.LoadBalancerDefaultMappingsProviderAutoConfiguration] is not eligible for getting processed by all BeanPostProcessors (for example: not eligible for auto-proxying)
2024-08-10 16:39:34.481|main|INFO |o.s.c.s.PostProcessorRegistrationDelegate$BeanPostProcessorChecker.?:?|IGNORE|||||||||||||||||||||||||||||Bean 'loadBalancerClientsDefaultsMappingsProvider' of type [org.springframework.cloud.client.loadbalancer.LoadBalancerDefaultMappingsProviderAutoConfiguration$$Lambda$490/0x00000007c06ba828] is not eligible for getting processed by all BeanPostProcessors (for example: not eligible for auto-proxying)
2024-08-10 16:39:34.486|main|INFO |o.s.c.s.PostProcessorRegistrationDelegate$BeanPostProcessorChecker.?:?|IGNORE|||||||||||||||||||||||||||||Bean 'defaultsBindHandlerAdvisor' of type [org.springframework.cloud.commons.config.DefaultsBindHandlerAdvisor] is not eligible for getting processed by all BeanPostProcessors (for example: not eligible for auto-proxying)
2024-08-10 16:39:34.494|main|INFO |o.s.c.s.PostProcessorRegistrationDelegate$BeanPostProcessorChecker.?:?|IGNORE|||||||||||||||||||||||||||||Bean 'liteflow-com.yomahub.liteflow.springboot.LiteflowProperty' of type [com.yomahub.liteflow.springboot.LiteflowProperty] is not eligible for getting processed by all BeanPostProcessors (for example: not eligible for auto-proxying)
2024-08-10 16:39:34.502|main|INFO |o.s.c.s.PostProcessorRegistrationDelegate$BeanPostProcessorChecker.?:?|IGNORE|||||||||||||||||||||||||||||Bean 'liteflow.monitor-com.yomahub.liteflow.springboot.LiteflowMonitorProperty' of type [com.yomahub.liteflow.springboot.LiteflowMonitorProperty] is not eligible for getting processed by all BeanPostProcessors (for example: not eligible for auto-proxying)
2024-08-10 16:39:34.509|main|INFO |o.s.c.s.PostProcessorRegistrationDelegate$BeanPostProcessorChecker.?:?|IGNORE|||||||||||||||||||||||||||||Bean 'liteflowConfig' of type [com.yomahub.liteflow.property.LiteflowConfig] is not eligible for getting processed by all BeanPostProcessors (for example: not eligible for auto-proxying)
2024-08-10 16:39:34.514|main|INFO |o.s.c.s.PostProcessorRegistrationDelegate$BeanPostProcessorChecker.?:?|IGNORE|||||||||||||||||||||||||||||Bean 'com.yomahub.liteflow.spi.spring.SpringAware' of type [com.yomahub.liteflow.spi.spring.SpringAware] is not eligible for getting processed by all BeanPostProcessors (for example: not eligible for auto-proxying)
2024-08-10 16:39:34.520|main|INFO |c.y.liteflow.util.LOGOPrinter.?:?|IGNORE|||||||||||||||||||||||||||||
================================================================================================
		 _     ___ _____ _____      _____ _     _____        __
		| |   |_ _|_   _| ____|    |  ___| |   / _ \ \      / /
		| |    | |  | | |  _| _____| |_  | |  | | | \ \ /\ / / 
		| |___ | |  | | | |__|_____|  _| | |__| |_| |\ V  V /  
		|_____|___| |_| |_____|    |_|   |_____\___/  \_/\_/   

		Version: 2.12.2
		Make your code amazing.
		website：https://liteflow.cc
		wechat：bryan_31
================================================================================================

2024-08-10 16:39:34.728|main|INFO |o.s.b.w.e.t.TomcatWebServer.initialize:108|IGNORE|||||||||||||||||||||||||||||Tomcat initialized with port(s): 8081 (http)
2024-08-10 16:39:34.737|main|INFO |o.a.c.http11.Http11NioProtocol.?:?|IGNORE|||||||||||||||||||||||||||||Initializing ProtocolHandler ["http-nio-8081"]
2024-08-10 16:39:34.737|main|INFO |o.a.c.core.StandardService.?:?|IGNORE|||||||||||||||||||||||||||||Starting service [Tomcat]
2024-08-10 16:39:34.738|main|INFO |o.a.c.core.StandardEngine.?:?|IGNORE|||||||||||||||||||||||||||||Starting Servlet engine: [Apache Tomcat/9.0.75]
2024-08-10 16:39:34.851|main|INFO |o.a.c.c.C.[.[localhost].[/yun].?:?|IGNORE|||||||||||||||||||||||||||||Initializing Spring embedded WebApplicationContext
2024-08-10 16:39:34.851|main|INFO |o.s.b.w.s.c.ServletWebServerApplicationContext.prepareWebApplicationContext:292|IGNORE|||||||||||||||||||||||||||||Root WebApplicationContext: initialization completed in 1706 ms
2024-08-10 16:39:34.911|main|INFO |c.z.yun.liteflow.Application.initApplication:44|IGNORE|||||||||||||||||||||||||||||Running with Spring profile(s) :[local] 
2024-08-10 16:39:35.623|main|INFO |c.a.d.s.b.a.DruidDataSourceAutoConfigure.?:?|IGNORE|||||||||||||||||||||||||||||Init DruidDataSource
2024-08-10 16:39:35.975|main|INFO |c.a.druid.pool.DruidDataSource.?:?|IGNORE|||||||||||||||||||||||||||||{dataSource-1} inited
2024-08-10 16:39:36.138|main|WARN |c.b.m.c.i.AbstractMethod.?:?|IGNORE|||||||||||||||||||||||||||||[com.zyhl.yun.liteflow.persistence.mapper.DemoItemMapper.selectList] Has been loaded by XML or SqlProvider or Mybatis's Annotation, so ignoring this injection for [class com.baomidou.mybatisplus.core.injector.methods.SelectList]
2024-08-10 16:39:36.147|main|WARN |c.b.m.c.m.TableInfoHelper.?:?|IGNORE|||||||||||||||||||||||||||||Can not find table primary key in Class: "com.zyhl.yun.liteflow.persistence.mapper.DemoMapper".
2024-08-10 16:39:37.036|main|INFO |o.s.c.o.FeignClientFactoryBean.getTarget:418|IGNORE|||||||||||||||||||||||||||||For 'file-server' URL not provided. Will try picking an instance via load-balancing.
2024-08-10 16:39:37.049|main|INFO |c.y.l.spring.ComponentScanner.?:?|IGNORE|||||||||||||||||||||||||||||component[assetsInfo] has been found
2024-08-10 16:39:37.052|main|INFO |c.y.l.spring.ComponentScanner.postProcessAfterInitialization:96|IGNORE|||||||||||||||||||||||||||||component[assetsValidate] has been found
2024-08-10 16:39:37.056|main|INFO |c.y.l.spring.ComponentScanner.?:?|IGNORE|||||||||||||||||||||||||||||component[benefitValidate] has been found
2024-08-10 16:39:37.058|main|INFO |c.y.l.spring.ComponentScanner.?:?|IGNORE|||||||||||||||||||||||||||||component[checkWhiteList] has been found
2024-08-10 16:39:37.059|main|INFO |c.y.l.spring.ComponentScanner.?:?|IGNORE|||||||||||||||||||||||||||||component[linkCreate] has been found
2024-08-10 16:39:37.061|main|INFO |c.y.l.spring.ComponentScanner.?:?|IGNORE|||||||||||||||||||||||||||||component[linkInfo] has been found
2024-08-10 16:39:37.062|main|INFO |c.y.l.spring.ComponentScanner.postProcessAfterInitialization:96|IGNORE|||||||||||||||||||||||||||||component[linkPermitCheckNode] has been found
2024-08-10 16:39:37.064|main|INFO |c.y.l.spring.ComponentScanner.?:?|IGNORE|||||||||||||||||||||||||||||component[linkUpdateNode] has been found
2024-08-10 16:39:37.068|main|INFO |c.y.l.spring.ComponentScanner.?:?|IGNORE|||||||||||||||||||||||||||||component[textSensitive] has been found
2024-08-10 16:39:37.085|main|INFO |o.s.c.o.FeignClientFactoryBean.?:?|IGNORE|||||||||||||||||||||||||||||For 'user-server' URL not provided. Will try picking an instance via load-balancing.
2024-08-10 16:39:37.099|main|INFO |c.y.l.spring.ComponentScanner.?:?|IGNORE|||||||||||||||||||||||||||||component[userInfo] has been found
2024-08-10 16:39:37.121|main|INFO |o.s.c.o.FeignClientFactoryBean.?:?|IGNORE|||||||||||||||||||||||||||||For 'link-server' URL not provided. Will try picking an instance via load-balancing.
2024-08-10 16:39:37.143|main|INFO |o.s.c.o.FeignClientFactoryBean.?:?|IGNORE|||||||||||||||||||||||||||||For 'whitelist-server' URL not provided. Will try picking an instance via load-balancing.
2024-08-10 16:39:38.267|main|INFO |org.redisson.Version.logVersion:43|IGNORE|||||||||||||||||||||||||||||Redisson 3.25.0
2024-08-10 16:39:38.834|redisson-netty-2-1|INFO |o.r.c.p.MasterConnectionPool.?:?|IGNORE|||||||||||||||||||||||||||||2 connections initialized for 127.0.0.1/127.0.0.1:6379
2024-08-10 16:39:38.834|redisson-netty-2-1|INFO |o.r.c.p.MasterPubSubConnectionPool.lambda$createConnection$0:137|IGNORE|||||||||||||||||||||||||||||2 connections initialized for 127.0.0.1/127.0.0.1:6379
2024-08-10 16:39:38.889|main|INFO |c.z.h.p.redis.HcyRedisTemplate.?:?|IGNORE|||||||||||||||||||||||||||||HcyRedisTemplate init succeed
2024-08-10 16:39:39.260|main|INFO |c.z.h.p.u.i.DefaultUidGenerator.?:99|IGNORE|||||||||||||||||||||||||||||Initialized bits(1, 29, 21, 13) for workerID:501952
2024-08-10 16:39:39.858|main|WARN |o.s.c.l.c.LoadBalancerCacheAutoConfiguration$LoadBalancerCaffeineWarnLogger.?:?|IGNORE|||||||||||||||||||||||||||||Spring Cloud LoadBalancer is currently working with the default cache. While this cache implementation is useful for development and tests, it's recommended to use Caffeine cache in production.You can switch to using Caffeine cache, by adding it and org.springframework.cache.caffeine.CaffeineCacheManager to the classpath.
2024-08-10 16:39:39.892|main|INFO |c.y.liteflow.core.FlowExecutor.info:193|IGNORE|||||||||||||||||||||||||||||flow info loaded from local file,path=flow.xml
2024-08-10 16:39:40.009|main|INFO |c.a.nacos.common.remote.client.?:?|IGNORE|||||||||||||||||||||||||||||[RpcClientFactory] create a new rpc client of b643ef90-be52-4599-9d74-15133ebca32a
2024-08-10 16:39:40.010|main|INFO |c.a.nacos.common.remote.client.printIfInfoEnabled:60|IGNORE|||||||||||||||||||||||||||||[b643ef90-be52-4599-9d74-15133ebca32a] RpcClient init label, labels = {module=naming, source=sdk}
2024-08-10 16:39:40.011|main|INFO |c.a.nacos.common.remote.client.printIfInfoEnabled:60|IGNORE|||||||||||||||||||||||||||||[b643ef90-be52-4599-9d74-15133ebca32a] RpcClient init, ServerListFactory = com.alibaba.nacos.client.naming.core.ServerListManager
2024-08-10 16:39:40.012|main|INFO |c.a.nacos.common.remote.client.?:?|IGNORE|||||||||||||||||||||||||||||[b643ef90-be52-4599-9d74-15133ebca32a] Registry connection listener to current client:com.alibaba.nacos.client.naming.remote.gprc.redo.NamingGrpcRedoService
2024-08-10 16:39:40.012|main|INFO |c.a.nacos.common.remote.client.printIfInfoEnabled:60|IGNORE|||||||||||||||||||||||||||||[b643ef90-be52-4599-9d74-15133ebca32a] Register server push request handler:com.alibaba.nacos.client.naming.remote.gprc.NamingPushRequestHandler
2024-08-10 16:39:40.012|main|INFO |c.a.nacos.common.remote.client.printIfInfoEnabled:60|IGNORE|||||||||||||||||||||||||||||[b643ef90-be52-4599-9d74-15133ebca32a] Try to connect to server on start up, server: {serverIp = '192.168.71.1', server main port = 8848}
2024-08-10 16:39:40.126|main|INFO |c.a.nacos.common.remote.client.?:?|IGNORE|||||||||||||||||||||||||||||[b643ef90-be52-4599-9d74-15133ebca32a] Success to connect to server [192.168.71.1:8848] on start up, connectionId = 1723279180017_192.168.71.1_58629
2024-08-10 16:39:40.126|main|INFO |c.a.nacos.common.remote.client.?:?|IGNORE|||||||||||||||||||||||||||||[b643ef90-be52-4599-9d74-15133ebca32a] Register server push request handler:com.alibaba.nacos.common.remote.client.RpcClient$ConnectResetRequestHandler
2024-08-10 16:39:40.126|com.alibaba.nacos.client.remote.worker|INFO |c.a.nacos.common.remote.client.?:?|IGNORE|||||||||||||||||||||||||||||[b643ef90-be52-4599-9d74-15133ebca32a] Notify connected event to listeners.
2024-08-10 16:39:40.126|main|INFO |c.a.nacos.common.remote.client.?:?|IGNORE|||||||||||||||||||||||||||||[b643ef90-be52-4599-9d74-15133ebca32a] Register server push request handler:com.alibaba.nacos.common.remote.client.RpcClient$$Lambda$196/0x00000007c03bb428
2024-08-10 16:39:40.150|main|INFO |o.a.c.http11.Http11NioProtocol.?:?|IGNORE|||||||||||||||||||||||||||||Starting ProtocolHandler ["http-nio-8081"]
2024-08-10 16:39:40.158|main|INFO |o.s.b.w.e.t.TomcatWebServer.?:?|IGNORE|||||||||||||||||||||||||||||Tomcat started on port(s): 8081 (http) with context path '/yun'
2024-08-10 16:39:40.166|main|INFO |c.a.c.n.r.NacosServiceRegistry.?:?|IGNORE|||||||||||||||||||||||||||||nacos registry, DEFAULT_GROUP yun-demo-service 192.168.71.1:8081 register finished
2024-08-10 16:39:40.623|main|INFO |c.z.yun.liteflow.Application.logStarted:61|IGNORE|||||||||||||||||||||||||||||Started Application in 10.916 seconds (JVM running for 12.145)
2024-08-10 16:39:40.629|main|INFO |c.a.c.n.r.NacosContextRefresher.?:?|IGNORE|||||||||||||||||||||||||||||[Nacos Config] Listening config: dataId=redis-local.yml, group=yun-demo-service
2024-08-10 16:39:40.629|main|INFO |c.a.c.n.r.NacosContextRefresher.?:?|IGNORE|||||||||||||||||||||||||||||[Nacos Config] Listening config: dataId=mysql-local.yml, group=yun-demo-service
2024-08-10 16:39:40.630|main|INFO |c.a.c.n.r.NacosContextRefresher.?:?|IGNORE|||||||||||||||||||||||||||||[Nacos Config] Listening config: dataId=feign-local.yml, group=yun-demo-service
2024-08-10 16:39:40.632|main|INFO |c.z.yun.liteflow.Application.?:?|IGNORE|||||||||||||||||||||||||||||
----------------------------------------------------------
	Application 'yun-demo-service' is running! Access URLs:
	Local: 		http://localhost:8081
	External: 	http://192.168.45.162:8081
----------------------------------------------------------
2024-08-10 16:39:40.650|main-thread-0|INFO |c.y.liteflow.core.FlowExecutor.?:?|IGNORE|||||||||||||||||||||||||||||[de591a4eef3543e2b41777982bce6f8c]:requestId has generated
2024-08-10 16:39:40.650|main-thread-0|INFO |c.y.liteflow.core.FlowExecutor.?:?|IGNORE|||||||||||||||||||||||||||||[de591a4eef3543e2b41777982bce6f8c]:slot[0] offered
2024-08-10 16:39:40.651|main-thread-0|INFO |c.y.liteflow.flow.element.Node.?:?|IGNORE|||||||||||||||||||||||||||||[de591a4eef3543e2b41777982bce6f8c]:[O]start component[userInfo] execution
2024-08-10 16:39:40.658|nacos-grpc-client-executor-7|INFO |c.a.nacos.common.remote.client.printIfInfoEnabled:60|IGNORE|||||||||||||||||||||||||||||[b643ef90-be52-4599-9d74-15133ebca32a] Receive server push request, request = NotifySubscriberRequest, requestId = 22
2024-08-10 16:39:40.661|main-thread-0|INFO |c.z.y.l.a.cmp.UserInfoNode.?:?|IGNORE|||||||||||||||||||||||||||||
===User Info Node===
2024-08-10 16:39:40.662|main-thread-0|INFO |c.z.y.l.a.cmp.UserInfoNode.?:?|IGNORE|||||||||||||||||||||||||||||userContext: UserContext(userInfo=UserDomainEntity(userDomainId=12345, userServiceType=null, phoneNumber=phone, cutoverStatus=null, belongsPlatform=null, bmpUserId=null, siteCode=null, serviceStatus=null, createTime=null, updateTime=null))
2024-08-10 16:39:40.662|main-thread-0|INFO |c.z.y.l.a.cmp.UserInfoNode.?:?|IGNORE|||||||||||||||||||||||||||||userId: 12345
2024-08-10 16:39:40.662|nacos-grpc-client-executor-7|INFO |c.a.nacos.common.remote.client.?:?|IGNORE|||||||||||||||||||||||||||||[b643ef90-be52-4599-9d74-15133ebca32a] Ack server push request, request = NotifySubscriberRequest, requestId = 22
2024-08-10 16:39:40.664|main-thread-0|INFO |c.z.y.l.a.cmp.UserInfoNode.process:35|IGNORE|||||||||||||||||||||||||||||
0 输入账号
1 输入手机号
2024-08-10 16:40:16.049|main-thread-0|INFO |c.z.y.l.a.cmp.UserInfoNode.?:?|IGNORE|||||||||||||||||||||||||||||account: 135513
2024-08-10 16:40:16.104|main-thread-0|WARN |o.s.c.l.c.ServiceInstanceListSupplierBuilder.?:?|IGNORE|||||||||||||||||||||||||||||LoadBalancerCacheManager not available, returning delegate without caching.
2024-08-10 16:40:16.132|main-thread-0|WARN |o.s.c.l.c.RoundRobinLoadBalancer.?:?|IGNORE|||||||||||||||||||||||||||||No servers available for service: user-server
2024-08-10 16:40:16.133|main-thread-0|WARN |o.s.c.o.l.RetryableFeignBlockingLoadBalancerClient.lambda$execute$2:145|IGNORE|||||||||||||||||||||||||||||Service instance was not resolved, executing the original request
2024-08-10 16:40:16.651|nacos-grpc-client-executor-16|INFO |c.a.nacos.common.remote.client.?:?|IGNORE|||||||||||||||||||||||||||||[b643ef90-be52-4599-9d74-15133ebca32a] Receive server push request, request = NotifySubscriberRequest, requestId = 23
2024-08-10 16:40:16.652|nacos-grpc-client-executor-16|INFO |c.a.nacos.common.remote.client.?:?|IGNORE|||||||||||||||||||||||||||||[b643ef90-be52-4599-9d74-15133ebca32a] Ack server push request, request = NotifySubscriberRequest, requestId = 23
2024-08-10 16:40:23.413|main-thread-0|INFO |c.z.h.p.l.feign.FeignConfig.invoke:243|HTTP|||||||||||600|1723279216050|1723279223412|7362|||||||||||||||UserRemoteClient.userInfo failed, details: user-server executing POST http://user-server/yun/user/getUser
2024-08-10 16:40:23.418|main-thread-0|INFO |c.z.h.p.l.f.PredicatedLoggerResponseHandler.handleStatus:38|IGNORE|||||||||||||||||||||||||||||{"headers":{"Content-Length":["42"],"Content-Type":["application/json"]},"entity":"{\"userDomainId\":135513,\"phoneNumber\":null}"}
2024-08-10 16:40:23.418|main-thread-0|ERROR|c.z.y.l.e.s.i.UserInfoServiceImpl.getUserDomainEntity:50|IGNORE|||||||||||||||||||||||||||||user-server executing POST http://user-server/yun/user/getUser
2024-08-10 16:40:23.419|main-thread-0|INFO |c.z.y.l.a.cmp.UserInfoNode.?:?|IGNORE|||||||||||||||||||||||||||||[de591a4eef3543e2b41777982bce6f8c]:component[userInfo] finished in 42761 milliseconds
2024-08-10 16:40:23.419|main-thread-0|INFO |c.y.liteflow.flow.element.Node.info:193|IGNORE|||||||||||||||||||||||||||||[de591a4eef3543e2b41777982bce6f8c]:[O]start component[assetsInfo] execution
2024-08-10 16:40:23.419|main-thread-0|INFO |c.z.y.l.a.cmp.AssetsInfoNode.process:26|IGNORE|||||||||||||||||||||||||||||
===Assets Info Node===
2024-08-10 16:40:23.430|main-thread-0|WARN |o.s.c.l.c.ServiceInstanceListSupplierBuilder.?:?|IGNORE|||||||||||||||||||||||||||||LoadBalancerCacheManager not available, returning delegate without caching.
2024-08-10 16:40:23.434|main-thread-0|WARN |o.s.c.l.c.RoundRobinLoadBalancer.?:?|IGNORE|||||||||||||||||||||||||||||No servers available for service: file-server
2024-08-10 16:40:23.435|main-thread-0|WARN |o.s.c.o.l.RetryableFeignBlockingLoadBalancerClient.?:?|IGNORE|||||||||||||||||||||||||||||Service instance was not resolved, executing the original request
2024-08-10 16:40:23.942|nacos-grpc-client-executor-21|INFO |c.a.nacos.common.remote.client.?:?|IGNORE|||||||||||||||||||||||||||||[b643ef90-be52-4599-9d74-15133ebca32a] Receive server push request, request = NotifySubscriberRequest, requestId = 24
2024-08-10 16:40:23.942|nacos-grpc-client-executor-21|INFO |c.a.nacos.common.remote.client.?:?|IGNORE|||||||||||||||||||||||||||||[b643ef90-be52-4599-9d74-15133ebca32a] Ack server push request, request = NotifySubscriberRequest, requestId = 24
2024-08-10 16:40:26.137|main-thread-0|INFO |c.z.h.p.l.feign.FeignConfig.invoke:243|HTTP|||||||||||600|1723279223419|1723279226137|2718|||||||||||||||FileRemoteClient.fileInfo failed, details: file-server executing POST http://file-server/yun/file/get
2024-08-10 16:40:26.137|main-thread-0|INFO |c.z.h.p.l.f.PredicatedLoggerResponseHandler.handleStatus:38|IGNORE|||||||||||||||||||||||||||||{"headers":{"Content-Length":["49"],"Content-Type":["application/json"]},"entity":"{\"userId\":null,\"fileId\":\"21235\",\"expireSec\":null}"}
2024-08-10 16:40:26.137|main-thread-0|ERROR|c.z.y.l.e.s.i.FileInfoServiceImpl.?:?|IGNORE|||||||||||||||||||||||||||||file-server executing POST http://file-server/yun/file/get
2024-08-10 16:40:26.137|main-thread-0|INFO |c.z.y.l.a.cmp.AssetsInfoNode.info:200|IGNORE|||||||||||||||||||||||||||||[de591a4eef3543e2b41777982bce6f8c]:component[assetsInfo] finished in 2718 milliseconds
2024-08-10 16:40:26.138|main-thread-0|INFO |com.yomahub.liteflow.slot.Slot.info:200|IGNORE|||||||||||||||||||||||||||||[de591a4eef3543e2b41777982bce6f8c]:CHAIN_NAME[chain1]
userInfo<42761>==>assetsInfo<2718>
2024-08-10 16:40:26.138|main-thread-0|INFO |c.y.liteflow.slot.DataBus.info:193|IGNORE|||||||||||||||||||||||||||||[de591a4eef3543e2b41777982bce6f8c]:slot[0] released
2024-08-10 16:41:11.663|Thread-8|WARN |c.a.n.c.notify.NotifyCenter.?:?|IGNORE|||||||||||||||||||||||||||||[NotifyCenter] Start destroying Publisher
2024-08-10 16:41:11.663|Thread-4|WARN |c.a.n.c.h.HttpClientBeanHolder.shutdown:108|IGNORE|||||||||||||||||||||||||||||[HttpClientBeanHolder] Start destroying common HttpClient
2024-08-10 16:41:11.663|Thread-8|WARN |c.a.n.c.notify.NotifyCenter.?:?|IGNORE|||||||||||||||||||||||||||||[NotifyCenter] Destruction of the end
2024-08-10 16:41:11.663|Thread-4|WARN |c.a.n.c.h.HttpClientBeanHolder.shutdown:114|IGNORE|||||||||||||||||||||||||||||[HttpClientBeanHolder] Destruction of the end
2024-08-10 16:41:11.665|SpringApplicationShutdownHook|INFO |o.s.b.w.e.t.GracefulShutdown.?:?|IGNORE|||||||||||||||||||||||||||||Commencing graceful shutdown. Waiting for active requests to complete
2024-08-10 16:41:11.987|tomcat-shutdown|INFO |o.s.b.w.e.t.GracefulShutdown.?:?|IGNORE|||||||||||||||||||||||||||||Graceful shutdown complete
2024-08-10 16:41:12.012|SpringApplicationShutdownHook|INFO |c.a.c.n.r.NacosServiceRegistry.?:?|IGNORE|||||||||||||||||||||||||||||De-registering from Nacos Server now...
2024-08-10 16:41:12.015|SpringApplicationShutdownHook|INFO |c.a.c.n.r.NacosServiceRegistry.?:?|IGNORE|||||||||||||||||||||||||||||De-registration finished.
2024-08-10 16:41:12.350|SpringApplicationShutdownHook|INFO |c.a.nacos.common.remote.client.?:?|IGNORE|||||||||||||||||||||||||||||Shutdown rpc client, set status to shutdown
2024-08-10 16:41:12.350|SpringApplicationShutdownHook|INFO |c.a.nacos.common.remote.client.?:?|IGNORE|||||||||||||||||||||||||||||Shutdown client event executor java.util.concurrent.ScheduledThreadPoolExecutor@f3514b4[Running, pool size = 2, active threads = 2, queued tasks = 0, completed tasks = 0]
2024-08-10 16:41:12.351|SpringApplicationShutdownHook|INFO |c.a.nacos.common.remote.client.?:?|IGNORE|||||||||||||||||||||||||||||Close current connection 1723279180017_192.168.71.1_58629
2024-08-10 16:41:12.352|nacos-grpc-client-executor-37|INFO |c.a.n.c.r.c.grpc.GrpcClient.?:?|IGNORE|||||||||||||||||||||||||||||[1723279180017_192.168.71.1_58629]Ignore complete event,isRunning:false,isAbandon=false
2024-08-10 16:41:12.355|SpringApplicationShutdownHook|INFO |c.a.n.c.r.c.grpc.GrpcClient.?:?|IGNORE|||||||||||||||||||||||||||||Shutdown grpc executor java.util.concurrent.ThreadPoolExecutor@502b8212[Running, pool size = 5, active threads = 0, queued tasks = 0, completed tasks = 38]
2024-08-10 16:41:12.358|SpringApplicationShutdownHook|INFO |c.a.druid.pool.DruidDataSource.?:?|IGNORE|||||||||||||||||||||||||||||{dataSource-1} closing ...
2024-08-10 16:41:12.365|SpringApplicationShutdownHook|INFO |c.a.druid.pool.DruidDataSource.?:?|IGNORE|||||||||||||||||||||||||||||{dataSource-1} closed
2024-08-10 16:41:18.493|background-preinit|INFO |o.h.v.internal.util.Version.?:?|IGNORE|||||||||||||||||||||||||||||HV000001: Hibernate Validator 6.2.5.Final
2024-08-10 16:41:18.511|main|INFO |c.z.yun.liteflow.Application.?:?|IGNORE|||||||||||||||||||||||||||||Starting Application using Java 1.8.0_421 on DESKTOP-0D3FQF2 with PID 26604 (C:\Users\25538\source\java\share-liteflow\share-liteflow-web\target\classes started by 25538 in C:\Users\25538\source\java\share-liteflow)
2024-08-10 16:41:18.512|main|INFO |c.z.yun.liteflow.Application.?:?|IGNORE|||||||||||||||||||||||||||||The following 1 profile is active: "local"
2024-08-10 16:41:18.581|main|WARN |c.a.c.n.c.NacosConfigDataLoader.?:?|IGNORE|||||||||||||||||||||||||||||[Nacos Config] config[dataId=redis-local.yml, group=yun-demo-service] is empty
2024-08-10 16:41:18.581|main|WARN |c.a.c.n.c.NacosConfigDataLoader.?:?|IGNORE|||||||||||||||||||||||||||||[Nacos Config] config[dataId=feign-local.yml, group=yun-demo-service] is empty
2024-08-10 16:41:18.581|main|WARN |c.a.c.n.c.NacosConfigDataLoader.?:?|IGNORE|||||||||||||||||||||||||||||[Nacos Config] config[dataId=mysql-local.yml, group=yun-demo-service] is empty
2024-08-10 16:41:19.540|main|INFO |o.s.c.a.ConfigurationClassPostProcessor.enhanceConfigurationClasses:426|IGNORE|||||||||||||||||||||||||||||Cannot enhance @Configuration bean definition 'com.yomahub.liteflow.springboot.config.LiteflowMainAutoConfiguration' since its singleton instance has been created too early. The typical cause is a non-static @Bean method with a BeanDefinitionRegistryPostProcessor return type: Consider declaring such methods as 'static'.
2024-08-10 16:41:19.596|main|INFO |o.s.c.c.scope.GenericScope.?:?|IGNORE|||||||||||||||||||||||||||||BeanFactory id=263e941b-fefe-3ba8-94f8-f544a25812f1
2024-08-10 16:41:19.867|main|INFO |o.s.c.s.PostProcessorRegistrationDelegate$BeanPostProcessorChecker.?:?|IGNORE|||||||||||||||||||||||||||||Bean 'com.yomahub.liteflow.springboot.config.LiteflowPropertyAutoConfiguration' of type [com.yomahub.liteflow.springboot.config.LiteflowPropertyAutoConfiguration$$EnhancerBySpringCGLIB$$cce60a9f] is not eligible for getting processed by all BeanPostProcessors (for example: not eligible for auto-proxying)
2024-08-10 16:41:19.879|main|INFO |o.s.c.s.PostProcessorRegistrationDelegate$BeanPostProcessorChecker.?:?|IGNORE|||||||||||||||||||||||||||||Bean 'org.springframework.cloud.commons.config.CommonsConfigAutoConfiguration' of type [org.springframework.cloud.commons.config.CommonsConfigAutoConfiguration] is not eligible for getting processed by all BeanPostProcessors (for example: not eligible for auto-proxying)
2024-08-10 16:41:19.882|main|INFO |o.s.c.s.PostProcessorRegistrationDelegate$BeanPostProcessorChecker.?:?|IGNORE|||||||||||||||||||||||||||||Bean 'org.springframework.cloud.client.loadbalancer.LoadBalancerDefaultMappingsProviderAutoConfiguration' of type [org.springframework.cloud.client.loadbalancer.LoadBalancerDefaultMappingsProviderAutoConfiguration] is not eligible for getting processed by all BeanPostProcessors (for example: not eligible for auto-proxying)
2024-08-10 16:41:19.884|main|INFO |o.s.c.s.PostProcessorRegistrationDelegate$BeanPostProcessorChecker.?:?|IGNORE|||||||||||||||||||||||||||||Bean 'loadBalancerClientsDefaultsMappingsProvider' of type [org.springframework.cloud.client.loadbalancer.LoadBalancerDefaultMappingsProviderAutoConfiguration$$Lambda$490/0x00000007c06ba828] is not eligible for getting processed by all BeanPostProcessors (for example: not eligible for auto-proxying)
2024-08-10 16:41:19.888|main|INFO |o.s.c.s.PostProcessorRegistrationDelegate$BeanPostProcessorChecker.?:?|IGNORE|||||||||||||||||||||||||||||Bean 'defaultsBindHandlerAdvisor' of type [org.springframework.cloud.commons.config.DefaultsBindHandlerAdvisor] is not eligible for getting processed by all BeanPostProcessors (for example: not eligible for auto-proxying)
2024-08-10 16:41:19.897|main|INFO |o.s.c.s.PostProcessorRegistrationDelegate$BeanPostProcessorChecker.?:?|IGNORE|||||||||||||||||||||||||||||Bean 'liteflow-com.yomahub.liteflow.springboot.LiteflowProperty' of type [com.yomahub.liteflow.springboot.LiteflowProperty] is not eligible for getting processed by all BeanPostProcessors (for example: not eligible for auto-proxying)
2024-08-10 16:41:19.904|main|INFO |o.s.c.s.PostProcessorRegistrationDelegate$BeanPostProcessorChecker.?:?|IGNORE|||||||||||||||||||||||||||||Bean 'liteflow.monitor-com.yomahub.liteflow.springboot.LiteflowMonitorProperty' of type [com.yomahub.liteflow.springboot.LiteflowMonitorProperty] is not eligible for getting processed by all BeanPostProcessors (for example: not eligible for auto-proxying)
2024-08-10 16:41:19.911|main|INFO |o.s.c.s.PostProcessorRegistrationDelegate$BeanPostProcessorChecker.postProcessAfterInitialization:376|IGNORE|||||||||||||||||||||||||||||Bean 'liteflowConfig' of type [com.yomahub.liteflow.property.LiteflowConfig] is not eligible for getting processed by all BeanPostProcessors (for example: not eligible for auto-proxying)
2024-08-10 16:41:19.916|main|INFO |o.s.c.s.PostProcessorRegistrationDelegate$BeanPostProcessorChecker.?:?|IGNORE|||||||||||||||||||||||||||||Bean 'com.yomahub.liteflow.spi.spring.SpringAware' of type [com.yomahub.liteflow.spi.spring.SpringAware] is not eligible for getting processed by all BeanPostProcessors (for example: not eligible for auto-proxying)
2024-08-10 16:41:19.921|main|INFO |c.y.liteflow.util.LOGOPrinter.?:?|IGNORE|||||||||||||||||||||||||||||
================================================================================================
		 _     ___ _____ _____      _____ _     _____        __
		| |   |_ _|_   _| ____|    |  ___| |   / _ \ \      / /
		| |    | |  | | |  _| _____| |_  | |  | | | \ \ /\ / / 
		| |___ | |  | | | |__|_____|  _| | |__| |_| |\ V  V /  
		|_____|___| |_| |_____|    |_|   |_____\___/  \_/\_/   

		Version: 2.12.2
		Make your code amazing.
		website：https://liteflow.cc
		wechat：bryan_31
================================================================================================

2024-08-10 16:41:20.115|main|INFO |o.s.b.w.e.t.TomcatWebServer.?:?|IGNORE|||||||||||||||||||||||||||||Tomcat initialized with port(s): 8081 (http)
2024-08-10 16:41:20.126|main|INFO |o.a.c.http11.Http11NioProtocol.log:173|IGNORE|||||||||||||||||||||||||||||Initializing ProtocolHandler ["http-nio-8081"]
2024-08-10 16:41:20.127|main|INFO |o.a.c.core.StandardService.?:?|IGNORE|||||||||||||||||||||||||||||Starting service [Tomcat]
2024-08-10 16:41:20.127|main|INFO |o.a.c.core.StandardEngine.log:173|IGNORE|||||||||||||||||||||||||||||Starting Servlet engine: [Apache Tomcat/9.0.75]
2024-08-10 16:41:20.241|main|INFO |o.a.c.c.C.[.[localhost].[/yun].?:?|IGNORE|||||||||||||||||||||||||||||Initializing Spring embedded WebApplicationContext
2024-08-10 16:41:20.241|main|INFO |o.s.b.w.s.c.ServletWebServerApplicationContext.prepareWebApplicationContext:292|IGNORE|||||||||||||||||||||||||||||Root WebApplicationContext: initialization completed in 1658 ms
2024-08-10 16:41:20.297|main|INFO |c.z.yun.liteflow.Application.?:?|IGNORE|||||||||||||||||||||||||||||Running with Spring profile(s) :[local] 
2024-08-10 16:41:20.994|main|INFO |c.a.d.s.b.a.DruidDataSourceAutoConfigure.?:?|IGNORE|||||||||||||||||||||||||||||Init DruidDataSource
2024-08-10 16:41:21.347|main|INFO |c.a.druid.pool.DruidDataSource.?:?|IGNORE|||||||||||||||||||||||||||||{dataSource-1} inited
2024-08-10 16:41:21.499|main|WARN |c.b.m.c.i.AbstractMethod.?:?|IGNORE|||||||||||||||||||||||||||||[com.zyhl.yun.liteflow.persistence.mapper.DemoItemMapper.selectList] Has been loaded by XML or SqlProvider or Mybatis's Annotation, so ignoring this injection for [class com.baomidou.mybatisplus.core.injector.methods.SelectList]
2024-08-10 16:41:21.508|main|WARN |c.b.m.c.m.TableInfoHelper.?:?|IGNORE|||||||||||||||||||||||||||||Can not find table primary key in Class: "com.zyhl.yun.liteflow.persistence.mapper.DemoMapper".
2024-08-10 16:41:22.195|main|INFO |o.s.c.o.FeignClientFactoryBean.?:?|IGNORE|||||||||||||||||||||||||||||For 'file-server' URL not provided. Will try picking an instance via load-balancing.
2024-08-10 16:41:22.206|main|INFO |c.y.l.spring.ComponentScanner.postProcessAfterInitialization:96|IGNORE|||||||||||||||||||||||||||||component[assetsInfo] has been found
2024-08-10 16:41:22.208|main|INFO |c.y.l.spring.ComponentScanner.postProcessAfterInitialization:96|IGNORE|||||||||||||||||||||||||||||component[assetsValidate] has been found
2024-08-10 16:41:22.210|main|INFO |c.y.l.spring.ComponentScanner.?:?|IGNORE|||||||||||||||||||||||||||||component[benefitValidate] has been found
2024-08-10 16:41:22.211|main|INFO |c.y.l.spring.ComponentScanner.postProcessAfterInitialization:96|IGNORE|||||||||||||||||||||||||||||component[checkWhiteList] has been found
2024-08-10 16:41:22.213|main|INFO |c.y.l.spring.ComponentScanner.postProcessAfterInitialization:96|IGNORE|||||||||||||||||||||||||||||component[linkCreate] has been found
2024-08-10 16:41:22.214|main|INFO |c.y.l.spring.ComponentScanner.postProcessAfterInitialization:96|IGNORE|||||||||||||||||||||||||||||component[linkInfo] has been found
2024-08-10 16:41:22.215|main|INFO |c.y.l.spring.ComponentScanner.postProcessAfterInitialization:96|IGNORE|||||||||||||||||||||||||||||component[linkPermitCheckNode] has been found
2024-08-10 16:41:22.217|main|INFO |c.y.l.spring.ComponentScanner.?:?|IGNORE|||||||||||||||||||||||||||||component[linkUpdateNode] has been found
2024-08-10 16:41:22.220|main|INFO |c.y.l.spring.ComponentScanner.?:?|IGNORE|||||||||||||||||||||||||||||component[textSensitive] has been found
2024-08-10 16:41:22.230|main|INFO |o.s.c.o.FeignClientFactoryBean.getTarget:418|IGNORE|||||||||||||||||||||||||||||For 'user-server' URL not provided. Will try picking an instance via load-balancing.
2024-08-10 16:41:22.237|main|INFO |c.y.l.spring.ComponentScanner.?:?|IGNORE|||||||||||||||||||||||||||||component[userInfo] has been found
2024-08-10 16:41:22.252|main|INFO |o.s.c.o.FeignClientFactoryBean.?:?|IGNORE|||||||||||||||||||||||||||||For 'link-server' URL not provided. Will try picking an instance via load-balancing.
2024-08-10 16:41:22.268|main|INFO |o.s.c.o.FeignClientFactoryBean.?:?|IGNORE|||||||||||||||||||||||||||||For 'whitelist-server' URL not provided. Will try picking an instance via load-balancing.
2024-08-10 16:41:23.353|main|INFO |org.redisson.Version.?:?|IGNORE|||||||||||||||||||||||||||||Redisson 3.25.0
2024-08-10 16:41:23.898|redisson-netty-2-1|INFO |o.r.c.p.MasterConnectionPool.?:?|IGNORE|||||||||||||||||||||||||||||2 connections initialized for 127.0.0.1/127.0.0.1:6379
2024-08-10 16:41:23.898|redisson-netty-2-1|INFO |o.r.c.p.MasterPubSubConnectionPool.?:?|IGNORE|||||||||||||||||||||||||||||2 connections initialized for 127.0.0.1/127.0.0.1:6379
2024-08-10 16:41:23.953|main|INFO |c.z.h.p.redis.HcyRedisTemplate.?:?|IGNORE|||||||||||||||||||||||||||||HcyRedisTemplate init succeed
2024-08-10 16:41:24.325|main|INFO |c.z.h.p.u.i.DefaultUidGenerator.?:?|IGNORE|||||||||||||||||||||||||||||Initialized bits(1, 29, 21, 13) for workerID:501952
2024-08-10 16:41:24.898|main|WARN |o.s.c.l.c.LoadBalancerCacheAutoConfiguration$LoadBalancerCaffeineWarnLogger.?:?|IGNORE|||||||||||||||||||||||||||||Spring Cloud LoadBalancer is currently working with the default cache. While this cache implementation is useful for development and tests, it's recommended to use Caffeine cache in production.You can switch to using Caffeine cache, by adding it and org.springframework.cache.caffeine.CaffeineCacheManager to the classpath.
2024-08-10 16:41:24.935|main|INFO |c.y.liteflow.core.FlowExecutor.?:?|IGNORE|||||||||||||||||||||||||||||flow info loaded from local file,path=flow.xml
2024-08-10 16:41:25.047|main|INFO |c.a.nacos.common.remote.client.?:?|IGNORE|||||||||||||||||||||||||||||[RpcClientFactory] create a new rpc client of 9c8d8abe-d7c0-45bf-82b8-2f495b370890
2024-08-10 16:41:25.047|main|INFO |c.a.nacos.common.remote.client.printIfInfoEnabled:60|IGNORE|||||||||||||||||||||||||||||[9c8d8abe-d7c0-45bf-82b8-2f495b370890] RpcClient init label, labels = {module=naming, source=sdk}
2024-08-10 16:41:25.049|main|INFO |c.a.nacos.common.remote.client.?:?|IGNORE|||||||||||||||||||||||||||||[9c8d8abe-d7c0-45bf-82b8-2f495b370890] RpcClient init, ServerListFactory = com.alibaba.nacos.client.naming.core.ServerListManager
2024-08-10 16:41:25.049|main|INFO |c.a.nacos.common.remote.client.printIfInfoEnabled:60|IGNORE|||||||||||||||||||||||||||||[9c8d8abe-d7c0-45bf-82b8-2f495b370890] Registry connection listener to current client:com.alibaba.nacos.client.naming.remote.gprc.redo.NamingGrpcRedoService
2024-08-10 16:41:25.049|main|INFO |c.a.nacos.common.remote.client.printIfInfoEnabled:60|IGNORE|||||||||||||||||||||||||||||[9c8d8abe-d7c0-45bf-82b8-2f495b370890] Register server push request handler:com.alibaba.nacos.client.naming.remote.gprc.NamingPushRequestHandler
2024-08-10 16:41:25.049|main|INFO |c.a.nacos.common.remote.client.printIfInfoEnabled:60|IGNORE|||||||||||||||||||||||||||||[9c8d8abe-d7c0-45bf-82b8-2f495b370890] Try to connect to server on start up, server: {serverIp = '192.168.71.1', server main port = 8848}
2024-08-10 16:41:25.162|main|INFO |c.a.nacos.common.remote.client.?:?|IGNORE|||||||||||||||||||||||||||||[9c8d8abe-d7c0-45bf-82b8-2f495b370890] Success to connect to server [192.168.71.1:8848] on start up, connectionId = 1723279285054_192.168.71.1_58802
2024-08-10 16:41:25.162|main|INFO |c.a.nacos.common.remote.client.?:?|IGNORE|||||||||||||||||||||||||||||[9c8d8abe-d7c0-45bf-82b8-2f495b370890] Register server push request handler:com.alibaba.nacos.common.remote.client.RpcClient$ConnectResetRequestHandler
2024-08-10 16:41:25.162|com.alibaba.nacos.client.remote.worker|INFO |c.a.nacos.common.remote.client.?:?|IGNORE|||||||||||||||||||||||||||||[9c8d8abe-d7c0-45bf-82b8-2f495b370890] Notify connected event to listeners.
2024-08-10 16:41:25.162|main|INFO |c.a.nacos.common.remote.client.?:?|IGNORE|||||||||||||||||||||||||||||[9c8d8abe-d7c0-45bf-82b8-2f495b370890] Register server push request handler:com.alibaba.nacos.common.remote.client.RpcClient$$Lambda$196/0x00000007c03bb028
2024-08-10 16:41:25.188|main|INFO |o.a.c.http11.Http11NioProtocol.?:?|IGNORE|||||||||||||||||||||||||||||Starting ProtocolHandler ["http-nio-8081"]
2024-08-10 16:41:25.197|main|INFO |o.s.b.w.e.t.TomcatWebServer.start:220|IGNORE|||||||||||||||||||||||||||||Tomcat started on port(s): 8081 (http) with context path '/yun'
2024-08-10 16:41:25.204|main|INFO |c.a.c.n.r.NacosServiceRegistry.?:?|IGNORE|||||||||||||||||||||||||||||nacos registry, DEFAULT_GROUP yun-demo-service 192.168.71.1:8081 register finished
2024-08-10 16:41:25.705|main|INFO |c.z.yun.liteflow.Application.logStarted:61|IGNORE|||||||||||||||||||||||||||||Started Application in 10.681 seconds (JVM running for 11.903)
2024-08-10 16:41:25.709|main|INFO |c.a.c.n.r.NacosContextRefresher.registerNacosListener:129|IGNORE|||||||||||||||||||||||||||||[Nacos Config] Listening config: dataId=redis-local.yml, group=yun-demo-service
2024-08-10 16:41:25.710|main|INFO |c.a.c.n.r.NacosContextRefresher.registerNacosListener:129|IGNORE|||||||||||||||||||||||||||||[Nacos Config] Listening config: dataId=mysql-local.yml, group=yun-demo-service
2024-08-10 16:41:25.710|main|INFO |c.a.c.n.r.NacosContextRefresher.?:?|IGNORE|||||||||||||||||||||||||||||[Nacos Config] Listening config: dataId=feign-local.yml, group=yun-demo-service
2024-08-10 16:41:25.711|nacos-grpc-client-executor-6|INFO |c.a.nacos.common.remote.client.?:?|IGNORE|||||||||||||||||||||||||||||[9c8d8abe-d7c0-45bf-82b8-2f495b370890] Receive server push request, request = NotifySubscriberRequest, requestId = 25
2024-08-10 16:41:25.712|main|INFO |c.z.yun.liteflow.Application.?:?|IGNORE|||||||||||||||||||||||||||||
----------------------------------------------------------
	Application 'yun-demo-service' is running! Access URLs:
	Local: 		http://localhost:8081
	External: 	http://192.168.45.162:8081
----------------------------------------------------------
2024-08-10 16:41:25.717|nacos-grpc-client-executor-6|INFO |c.a.nacos.common.remote.client.printIfInfoEnabled:60|IGNORE|||||||||||||||||||||||||||||[9c8d8abe-d7c0-45bf-82b8-2f495b370890] Ack server push request, request = NotifySubscriberRequest, requestId = 25
2024-08-10 16:41:25.731|main-thread-0|INFO |c.y.liteflow.core.FlowExecutor.?:?|IGNORE|||||||||||||||||||||||||||||[ee69e1466f0f4bbe861f2a0b0abe6fa9]:requestId has generated
2024-08-10 16:41:25.731|main-thread-0|INFO |c.y.liteflow.core.FlowExecutor.info:193|IGNORE|||||||||||||||||||||||||||||[ee69e1466f0f4bbe861f2a0b0abe6fa9]:slot[0] offered
2024-08-10 16:41:25.732|main-thread-0|INFO |c.y.liteflow.flow.element.Node.info:193|IGNORE|||||||||||||||||||||||||||||[ee69e1466f0f4bbe861f2a0b0abe6fa9]:[O]start component[userInfo] execution
2024-08-10 16:41:25.742|main-thread-0|INFO |c.z.y.l.a.cmp.UserInfoNode.process:26|IGNORE|||||||||||||||||||||||||||||
===User Info Node===
2024-08-10 16:41:25.742|main-thread-0|INFO |c.z.y.l.a.cmp.UserInfoNode.process:29|IGNORE|||||||||||||||||||||||||||||userContext: UserContext(userInfo=UserDomainEntity(userDomainId=12345, userServiceType=null, phoneNumber=phone, cutoverStatus=null, belongsPlatform=null, bmpUserId=null, siteCode=null, serviceStatus=null, createTime=null, updateTime=null))
2024-08-10 16:41:25.742|main-thread-0|INFO |c.z.y.l.a.cmp.UserInfoNode.?:?|IGNORE|||||||||||||||||||||||||||||userId: 12345
2024-08-10 16:41:25.744|main-thread-0|INFO |c.z.y.l.a.cmp.UserInfoNode.?:?|IGNORE|||||||||||||||||||||||||||||
0 输入账号
1 输入手机号
2024-08-10 16:47:16.604|Thread-3|WARN |c.a.n.c.h.HttpClientBeanHolder.?:?|IGNORE|||||||||||||||||||||||||||||[HttpClientBeanHolder] Start destroying common HttpClient
2024-08-10 16:47:16.604|Thread-7|WARN |c.a.n.c.notify.NotifyCenter.shutdown:136|IGNORE|||||||||||||||||||||||||||||[NotifyCenter] Start destroying Publisher
2024-08-10 16:47:16.604|Thread-7|WARN |c.a.n.c.notify.NotifyCenter.shutdown:153|IGNORE|||||||||||||||||||||||||||||[NotifyCenter] Destruction of the end
2024-08-10 16:47:16.605|Thread-3|WARN |c.a.n.c.h.HttpClientBeanHolder.?:?|IGNORE|||||||||||||||||||||||||||||[HttpClientBeanHolder] Destruction of the end
2024-08-10 16:47:16.608|SpringApplicationShutdownHook|INFO |o.s.b.w.e.t.GracefulShutdown.?:?|IGNORE|||||||||||||||||||||||||||||Commencing graceful shutdown. Waiting for active requests to complete
2024-08-10 16:47:16.876|tomcat-shutdown|INFO |o.s.b.w.e.t.GracefulShutdown.?:?|IGNORE|||||||||||||||||||||||||||||Graceful shutdown complete
2024-08-10 16:47:16.907|SpringApplicationShutdownHook|INFO |c.a.c.n.r.NacosServiceRegistry.?:?|IGNORE|||||||||||||||||||||||||||||De-registering from Nacos Server now...
2024-08-10 16:47:16.911|SpringApplicationShutdownHook|INFO |c.a.c.n.r.NacosServiceRegistry.?:?|IGNORE|||||||||||||||||||||||||||||De-registration finished.
2024-08-10 16:47:17.240|SpringApplicationShutdownHook|INFO |c.a.nacos.common.remote.client.?:?|IGNORE|||||||||||||||||||||||||||||Shutdown rpc client, set status to shutdown
2024-08-10 16:47:17.240|SpringApplicationShutdownHook|INFO |c.a.nacos.common.remote.client.?:?|IGNORE|||||||||||||||||||||||||||||Shutdown client event executor java.util.concurrent.ScheduledThreadPoolExecutor@ba9e199[Running, pool size = 2, active threads = 2, queued tasks = 0, completed tasks = 0]
2024-08-10 16:47:17.240|SpringApplicationShutdownHook|INFO |c.a.nacos.common.remote.client.?:?|IGNORE|||||||||||||||||||||||||||||Close current connection 1723279285054_192.168.71.1_58802
2024-08-10 16:47:17.241|nacos-grpc-client-executor-83|INFO |c.a.n.c.r.c.grpc.GrpcClient.?:?|IGNORE|||||||||||||||||||||||||||||[1723279285054_192.168.71.1_58802]Ignore complete event,isRunning:false,isAbandon=false
2024-08-10 16:47:17.243|SpringApplicationShutdownHook|INFO |c.a.n.c.r.c.grpc.GrpcClient.?:?|IGNORE|||||||||||||||||||||||||||||Shutdown grpc executor java.util.concurrent.ThreadPoolExecutor@d7ce718[Running, pool size = 6, active threads = 0, queued tasks = 0, completed tasks = 84]
2024-08-10 16:47:17.245|SpringApplicationShutdownHook|INFO |c.a.druid.pool.DruidDataSource.?:?|IGNORE|||||||||||||||||||||||||||||{dataSource-1} closing ...
2024-08-10 16:47:17.252|SpringApplicationShutdownHook|INFO |c.a.druid.pool.DruidDataSource.?:?|IGNORE|||||||||||||||||||||||||||||{dataSource-1} closed
